Removed Pin From Net: NetName=BATT_GND Pin=BATT-GND
Removed Pin From Net: NetName=BATT_VDD Pin=BATT-VDD
Removed Pin From Net: NetName=BATT_GND Pin=MOTOR_BL-GND
Removed Pin From Net: NetName=NetFUES_BL_DRAIN Pin=MOTOR_BL-VDD
Removed Pin From Net: NetName=BATT_GND Pin=MOTOR_BR-GND
Removed Pin From Net: NetName=NetFUES_BR_DRAIN Pin=MOTOR_BR-VDD
Removed Pin From Net: NetName=BATT_GND Pin=MOTOR_FL-GND
Removed Pin From Net: NetName=NetFUES_FL_DRAIN Pin=MOTOR_FL-VDD
Removed Pin From Net: NetName=BATT_GND Pin=MOTOR_FR-GND
Removed Pin From Net: NetName=NetFUES_FR_DRAIN Pin=MOTOR_FR-VDD
Added Pin To Net: NetName=FT232RL_GND Pin=MOTOR_BL-GND
Added Pin To Net: NetName=FT232RL_GND Pin=MOTOR_BR-GND
Added Pin To Net: NetName=FT232RL_GND Pin=MOTOR_FL-GND
Added Pin To Net: NetName=FT232RL_GND Pin=MOTOR_FR-GND
Added Pin To Net: NetName=3.3V Pin=VRM1-FB
Added Pin To Net: NetName=BATT_VDD Pin=VRM1-VIN
Added Pin To Net: NetName=5V Pin=VRM2-FB
Added Pin To Net: NetName=BATT_VDD Pin=VRM2-VIN
Added Pin To Net: NetName=12V Pin=VRM3-FB
Added Pin To Net: NetName=BATT_VDD Pin=VRM3-VIN
