Removed Pin From Net: NetName=FT232RL_GND Pin=-5
Removed Pin From Net: NetName=FT232RL_GND Pin=ATmega2560-11
Removed Pin From Net: NetName=FT232RL_GND Pin=ATmega2560-32
Removed Pin From Net: NetName=FT232RL_GND Pin=ATmega2560-62
Removed Pin From Net: NetName=FT232RL_GND Pin=ATmega2560-81
Removed Pin From Net: NetName=FT232RL_GND Pin=ATmega2560-99
Removed Pin From Net: NetName=FT232RL_GND Pin=BL-2
Removed Pin From Net: NetName=FT232RL_GND Pin=BR-2
Removed Pin From Net: NetName=FT232RL_GND Pin=C1-1
Removed Pin From Net: NetName=FT232RL_GND Pin=C2-1
Removed Pin From Net: NetName=FT232RL_GND Pin=C5--
Removed Pin From Net: NetName=FT232RL_GND Pin=C6-2
Removed Pin From Net: NetName=FT232RL_GND Pin=C7-2
Removed Pin From Net: NetName=FT232RL_GND Pin=C8-2
Removed Pin From Net: NetName=FT232RL_GND Pin=C9-1
Removed Pin From Net: NetName=FT232RL_GND Pin=C10-1
Removed Pin From Net: NetName=FT232RL_GND Pin=C11-1
Removed Pin From Net: NetName=FT232RL_GND Pin=CONN1-1
Removed Pin From Net: NetName=FT232RL_GND Pin=D4-2
Removed Pin From Net: NetName=FT232RL_GND Pin=D7-2
Removed Pin From Net: NetName=FT232RL_GND Pin=FL-2
Removed Pin From Net: NetName=FT232RL_GND Pin=FR-2
Removed Pin From Net: NetName=FT232RL_GND Pin=FT232RL-7
Removed Pin From Net: NetName=FT232RL_GND Pin=FT232RL-18
Removed Pin From Net: NetName=FT232RL_GND Pin=FT232RL-21
Removed Pin From Net: NetName=FT232RL_GND Pin=FT232RL-25
Removed Pin From Net: NetName=FT232RL_GND Pin=FT232RL-26
Removed Pin From Net: NetName=FT232RL_GND Pin=LEFT-1
Removed Pin From Net: NetName=FT232RL_GND Pin=Reset-1
Removed Pin From Net: NetName=FT232RL_GND Pin=Reset-2
Removed Pin From Net: NetName=FT232RL_GND Pin=T1-2
Added Pin To Net: NetName=GND Pin=-5
Added Pin To Net: NetName=GND Pin=ATmega2560-11
Added Pin To Net: NetName=KILL Pin=ATmega2560-15
Added Pin To Net: NetName=GND Pin=ATmega2560-32
Added Pin To Net: NetName=GND Pin=ATmega2560-62
Added Pin To Net: NetName=GND Pin=ATmega2560-81
Added Pin To Net: NetName=GND Pin=ATmega2560-99
Added Pin To Net: NetName=GND Pin=BL-2
Added Pin To Net: NetName=GND Pin=BR-2
Added Pin To Net: NetName=GND Pin=C1-1
Added Pin To Net: NetName=GND Pin=C2-1
Added Pin To Net: NetName=GND Pin=C5--
Added Pin To Net: NetName=GND Pin=C6-2
Added Pin To Net: NetName=GND Pin=C7-2
Added Pin To Net: NetName=GND Pin=C8-2
Added Pin To Net: NetName=GND Pin=C9-1
Added Pin To Net: NetName=GND Pin=C10-1
Added Pin To Net: NetName=GND Pin=C11-1
Added Pin To Net: NetName=GND Pin=CONN1-1
Added Pin To Net: NetName=GND Pin=D4-2
Added Pin To Net: NetName=GND Pin=D7-2
Added Pin To Net: NetName=GND Pin=FL-2
Added Pin To Net: NetName=GND Pin=FR-2
Added Pin To Net: NetName=GND Pin=FT232RL-7
Added Pin To Net: NetName=GND Pin=FT232RL-18
Added Pin To Net: NetName=GND Pin=FT232RL-21
Added Pin To Net: NetName=GND Pin=FT232RL-25
Added Pin To Net: NetName=GND Pin=FT232RL-26
Added Pin To Net: NetName=GND Pin=LEFT-1
Added Pin To Net: NetName=FT232RL_GND Pin=PWM_BL-1
Added Pin To Net: NetName=MOTOR_BL_PWM Pin=PWM_BL-3
Added Pin To Net: NetName=FT232RL_GND Pin=PWM_BR-1
Added Pin To Net: NetName=MOTOR_FR_PWM Pin=PWM_BR-3
Added Pin To Net: NetName=FT232RL_GND Pin=PWM_FL-1
Added Pin To Net: NetName=MOTOR_BR_PWM Pin=PWM_FL-3
Added Pin To Net: NetName=FT232RL_GND Pin=PWM_FR-1
Added Pin To Net: NetName=MOTOR_FL_PWM Pin=PWM_FR-3
Added Pin To Net: NetName=KILL Pin=R3-1
Added Pin To Net: NetName=GND Pin=Reset-1
Added Pin To Net: NetName=GND Pin=Reset-2
Added Pin To Net: NetName=KILL Pin=T1-1
Added Pin To Net: NetName=GND Pin=T1-2
Change Net Name : Old Net Name=FT232RL_GND New Net Name=GND
Change Net Name : Old Net Name=GND New Net Name=FT232RL_GND
Added Member To Class: ClassName=Programmer Member=Component  Micro USB
