Removed Pin From Net: NetName=FT232RL_GND Pin=C10-1
Removed Pin From Net: NetName=5V Pin=C11-2
Removed Pin From Net: NetName=FT232RL_GND Pin=C12-1
Removed Pin From Net: NetName=FT232RL_GND Pin=C35-2
Removed Pin From Net: NetName=FT232RL_GND Pin=C36-2
Removed Pin From Net: NetName=FT232RL_GND Pin=C37-2
Removed Pin From Net: NetName=FT232RL_GND Pin=C38-2
Removed Pin From Net: NetName=FT232RL_GND Pin=C40-2
Removed Pin From Net: NetName=FT232RL_GND Pin=C41-2
Removed Pin From Net: NetName=FT232RL_GND Pin=C42-2
Removed Pin From Net: NetName=FT232RL_GND Pin=RF_bb-1
Removed Pin From Net: NetName=FT232RL_GND Pin=VRM0-2
Removed Pin From Net: NetName=FT232RL_GND Pin=VRM0-13
Removed Pin From Net: NetName=FT232RL_GND Pin=VRM0-15
Removed Pin From Net: NetName=FT232RL_GND Pin=VRM0-15
Removed Pin From Net: NetName=FT232RL_GND Pin=VRM0-15
Removed Pin From Net: NetName=FT232RL_GND Pin=VRM0-15
Removed Pin From Net: NetName=FT232RL_GND Pin=VRM0-15
Removed Pin From Net: NetName=FT232RL_GND Pin=VRM0-15
Removed Pin From Net: NetName=FT232RL_GND Pin=VRM0-15
Removed Pin From Net: NetName=FT232RL_GND Pin=VRM0-15
Removed Pin From Net: NetName=FT232RL_GND Pin=VRM0-15
Removed Member From Class: ClassName=U_VoltageRegulator3 Member=C10
Removed Member From Class: ClassName=U_VoltageRegulator12V Member=C35
Removed Member From Class: ClassName=U_VoltageRegulator12V Member=C36
Removed Member From Class: ClassName=U_VoltageRegulator12V Member=C37
Removed Member From Class: ClassName=U_VoltageRegulator12V Member=C38
Removed Member From Class: ClassName=U_VoltageRegulator12V Member=C40
Removed Member From Class: ClassName=U_VoltageRegulator12V Member=C41
Removed Member From Class: ClassName=U_VoltageRegulator12V Member=C42
Removed Member From Class: ClassName=U_VoltageRegulator3 Member=RF_bb
Removed Member From Class: ClassName=U_VoltageRegulator3 Member=RF_bt
Removed Member From Class: ClassName=U_VoltageRegulator3 Member=VRM0
Change Component DesignItemId : Designator=C12 Old DesignItemId=C1005X7R1C104K050BC New DesignItemId=16SVPC100M
Change Component Footprint: Designator=C12 Old Footprint=CAP 0402/1005 New Footprint=CAP ALUM 6.6MM
Change Component Comment : Designator=L1 Old Comment=1.00 uH New Comment=27uF
Change Component Comment : Designator=C12 Old Comment=100uF New Comment=330uF
Added Component: Designator=C14(CAP 0402/1005)
Added Component: Designator=C15(CAP ALUM 6.6MM)
Added Component: Designator=C16(CAP ALUM 6.6MM)
Added Component: Designator=C17(CAP 0402/1005)
Added Component: Designator=D3.3V:.55V(ST DO214AA SMB)
Added Component: Designator=D5V:.55V(ST DO214AA SMB)
Added Component: Designator=D12V:.700V(ST DO214AA SMB)
Added Component: Designator=L2(TDK VLS252010CX)
Added Component: Designator=L3(TDK VLS252010CX)
Added Component: Designator=VRM1(DPAK170P1418X200-6L)
Added Component: Designator=VRM2(DPAK170P1418X200-6L)
Added Component: Designator=VRM3(DPAK170P1418X200-6L)
Added Pin To Net: NetName=FT232RL_GND Pin=C12-2
Added Pin To Net: NetName=FT232RL_GND Pin=C14-1
Added Pin To Net: NetName=5V Pin=C15-1
Added Pin To Net: NetName=FT232RL_GND Pin=C15-2
Added Pin To Net: NetName=FT232RL_GND Pin=C16-2
Added Pin To Net: NetName=FT232RL_GND Pin=C17-1
Added Pin To Net: NetName=FT232RL_GND Pin=D3.3V:.55V-1
Added Pin To Net: NetName=FT232RL_GND Pin=D5V:.55V-1
Added Pin To Net: NetName=FT232RL_GND Pin=D12V:.700V-1
Added Pin To Net: NetName=5V Pin=L2-2
Added Pin To Net: NetName=FT232RL_GND Pin=VRM1-GND
Added Pin To Net: NetName=FT232RL_GND Pin=VRM1-GND
Added Pin To Net: NetName=FT232RL_GND Pin=VRM2-GND
Added Pin To Net: NetName=FT232RL_GND Pin=VRM2-GND
Added Pin To Net: NetName=FT232RL_GND Pin=VRM3-GND
Added Pin To Net: NetName=FT232RL_GND Pin=VRM3-GND
Added Pin To Net: NetName=NetC11_2 Pin=C11-2
Added Net: Name=NetC11_2
Added Pin To Net: NetName=NetC12_1 Pin=C12-1
Added Pin To Net: NetName=NetC12_1 Pin=L1-2
Added Net: Name=NetC12_1
Added Pin To Net: NetName=NetC14_2 Pin=C14-2
Added Net: Name=NetC14_2
Added Pin To Net: NetName=NetC16_1 Pin=C16-1
Added Pin To Net: NetName=NetC16_1 Pin=L3-2
Added Net: Name=NetC16_1
Added Pin To Net: NetName=NetC17_2 Pin=C17-2
Added Net: Name=NetC17_2
Added Pin To Net: NetName=NetD3.3V:.55V_2 Pin=D3.3V:.55V-2
Added Pin To Net: NetName=NetD3.3V:.55V_2 Pin=L1-1
Added Net: Name=NetD3.3V:.55V_2
Added Pin To Net: NetName=NetD5V:.55V_2 Pin=D5V:.55V-2
Added Pin To Net: NetName=NetD5V:.55V_2 Pin=L2-1
Added Net: Name=NetD5V:.55V_2
Added Pin To Net: NetName=NetD12V:.700V_2 Pin=D12V:.700V-2
Added Pin To Net: NetName=NetD12V:.700V_2 Pin=L3-1
Added Net: Name=NetD12V:.700V_2
Added Member To Class: ClassName=U_VoltageRegulator5V Member=Component C14 4.7uF
Added Member To Class: ClassName=U_VoltageRegulator5V Member=Component C15 220uF
Added Member To Class: ClassName=U_VoltageRegulator12V Member=Component C16 100uF
Added Member To Class: ClassName=U_VoltageRegulator12V Member=Component C17 10uF
Added Member To Class: ClassName=U_VoltageRegulator3 Member=Component D3.3V:.55V SMLVT3V3
Added Member To Class: ClassName=U_VoltageRegulator5V Member=Component D5V:.55V SMLVT3V3
Added Member To Class: ClassName=U_VoltageRegulator12V Member=Component D12V:.700V SMLVT3V3
Added Member To Class: ClassName=U_VoltageRegulator5V Member=Component L2 68uH
Added Member To Class: ClassName=U_VoltageRegulator12V Member=Component L3 100uH
Added Member To Class: ClassName=Programmer Member=Component  Micro USB
Added Member To Class: ClassName=U_VoltageRegulator5V Member=Component VRM1 LM2596SX-12
Added Member To Class: ClassName=U_VoltageRegulator3 Member=Component VRM2 LM2596SX-12
Added Member To Class: ClassName=U_VoltageRegulator12V Member=Component VRM3 LM2596SX-12
