Removed Pin From Net: NetName=FT232RL_GND Pin=-5
Removed Pin From Net: NetName=FT232RL_GND Pin=BL-2
Removed Pin From Net: NetName=FT232RL_GND Pin=BR-2
Removed Pin From Net: NetName=FT232RL_GND Pin=C1-1
Removed Pin From Net: NetName=FT232RL_GND Pin=C2-1
Removed Pin From Net: NetName=FT232RL_GND Pin=C5--
Removed Pin From Net: NetName=FT232RL_GND Pin=D4-2
Removed Pin From Net: NetName=FT232RL_GND Pin=FL-2
Removed Pin From Net: NetName=FT232RL_GND Pin=FR-2
Removed Pin From Net: NetName=FT232RL_VCC_5V Pin=FT232RL-4
Removed Pin From Net: NetName=FT232RL_GND Pin=FT232RL-7
Removed Pin From Net: NetName=FT232RL_GND Pin=FT232RL-18
Removed Pin From Net: NetName=FT232RL_GND Pin=FT232RL-21
Removed Pin From Net: NetName=FT232RL_GND Pin=FT232RL-25
Removed Pin From Net: NetName=FT232RL_GND Pin=FT232RL-26
Removed Pin From Net: NetName=FT232RL_GND Pin=LEFT-1
Removed Pin From Net: NetName=FT232RL_VCC_5V Pin=R3-2
Removed Pin From Net: NetName=FT232RL_VCC_5V Pin=R6-1
Removed Pin From Net: NetName=FT232RL_VCC_5V Pin=R7-1
Removed Pin From Net: NetName=FT232RL_VCC_5V Pin=R8-1
Removed Pin From Net: NetName=FT232RL_VCC_5V Pin=R9-2
Removed Pin From Net: NetName=FT232RL_GND Pin=Reset-1
Removed Pin From Net: NetName=FT232RL_GND Pin=Reset-2
Removed Pin From Net: NetName=FT232RL_GND Pin=T1-2
Added Pin To Net: NetName=MCU_TX Pin=R4-2
Added Pin To Net: NetName=MCU_RX Pin=R5-2
Change Net Name : Old Net Name=FT232RL_GND New Net Name=GND
Change Net Name : Old Net Name=FT232RL_VCC_5V New Net Name=5V
Added Pin To Net: NetName=FT232RL_GND Pin=-5
Added Pin To Net: NetName=FT232RL_GND Pin=BL-2
Added Pin To Net: NetName=FT232RL_GND Pin=BR-2
Added Pin To Net: NetName=FT232RL_GND Pin=C1-1
Added Pin To Net: NetName=FT232RL_GND Pin=C2-1
Added Pin To Net: NetName=FT232RL_GND Pin=C5--
Added Pin To Net: NetName=FT232RL_GND Pin=C9-1
Added Pin To Net: NetName=FT232RL_GND Pin=C10-1
Added Pin To Net: NetName=FT232RL_GND Pin=C11-1
Added Pin To Net: NetName=FT232RL_GND Pin=D4-2
Added Pin To Net: NetName=FT232RL_GND Pin=FL-2
Added Pin To Net: NetName=FT232RL_GND Pin=FR-2
Added Pin To Net: NetName=FT232RL_GND Pin=FT232RL-7
Added Pin To Net: NetName=FT232RL_GND Pin=FT232RL-18
Added Pin To Net: NetName=FT232RL_GND Pin=FT232RL-21
Added Pin To Net: NetName=FT232RL_GND Pin=FT232RL-25
Added Pin To Net: NetName=FT232RL_GND Pin=FT232RL-26
Added Pin To Net: NetName=FT232RL_GND Pin=LEFT-1
Added Pin To Net: NetName=FT232RL_GND Pin=Reset-1
Added Pin To Net: NetName=FT232RL_GND Pin=Reset-2
Added Pin To Net: NetName=FT232RL_GND Pin=T1-2
Added Net: Name=FT232RL_GND
