Added Component: Designator=BATTERY_FUSE(PTH)
Added Component: Designator=C1(CAP 0402/1005)
Added Component: Designator=C2(CAP 0402/1005)
Added Component: Designator=C4(CAP 0402/1005)
Added Component: Designator=C5(CPOL-RADIAL-5MM-10MM-KIT)
Added Component: Designator=D1(ST DO214AA SMB)
Added Component: Designator=D2(LED 0603/1608 GREEN)
Added Component: Designator=D3(LED 0603/1608 GREEN)
Added Component: Designator=D4(DO214AC SMA)
Added Component: Designator=F1(FER 0201/0603)
Added Component: Designator=FT232RL(SSOP28DB)
Added Component: Designator=R1(RES 0603/1608)
Added Component: Designator=R2(RES 0603/1608)
Added Component: Designator=R3(RES 0603/1608)
Added Component: Designator=R4(RES 0402/1005)
Added Component: Designator=R5(RES 0402/1005)
Added Component: Designator=R6(RES 0402/1005)
Added Component: Designator=R7(RES 0402/1005)
Added Component: Designator=R8(RES 0402/1005)
Added Component: Designator=R9(RES 0402/1005)
Added Component: Designator=R10(RES 0402/1005)
Added Component: Designator=R11(RES 0402/1005)
Added Component: Designator=R12(RES 0402/1005)
Added Component: Designator=R13(RES 0402/1005)
Added Component: Designator=R14(RES 0402/1005)
Added Component: Designator=R15(RES 0402/1005)
Added Component: Designator=R16(RES 0402/1005)
Added Component: Designator=R17(RES 0402/1005)
Added Component: Designator=R18(RES 0402/1005)
Added Component: Designator=R19(RES 0402/1005)
Added Component: Designator=R20(RES 0402/1005)
Added Component: Designator=R21(RES 0402/1005)
Added Component: Designator=R22(RES 0402/1005)
Added Component: Designator=R23(RES 0402/1005)
Added Component: Designator=R24(RES 0402/1005)
Added Component: Designator=R25(RES 0402/1005)
Added Component: Designator=R26(RES 0402/1005)
Added Component: Designator=R27(RES 0402/1005)
Added Component: Designator=R28(RES 0402/1005)
Added Component: Designator=R29(RES 0402/1005)
Added Component: Designator=R30(RES 0402/1005)
Added Component: Designator=R40(RES 0402/1005)
Added Component: Designator=R41(RES 0402/1005)
Added Component: Designator=R42(RES 0402/1005)
Added Component: Designator=R43(RES 0402/1005)
Added Component: Designator=R44(RES 0402/1005)
Added Component: Designator=R45(RES 0402/1005)
Added Component: Designator=Reset(TE FSM6JSMA)
Added Component: Designator=T1(INF-PG-SOT23_N)
Added Component: Designator=T2(INF-PG-TO220-3-1)
Added Component: Designator=T3(INF-PG-TO220-3-1)
Added Component: Designator=T4(INF-PG-TO220-3-1)
Added Component: Designator=T5(INF-PG-TO220-3-1)
Added Component: Designator=(FCI USB 10118193-0001LF)
Added Pin To Net: NetName=BATT_VDD Pin=BATTERY_FUSE-P$2
Added Pin To Net: NetName=BATT_VDD Pin=D1-2
Added Pin To Net: NetName=BATT_VDD Pin=R1-2
Added Pin To Net: NetName=BATT_VDD Pin=T2-3
Added Pin To Net: NetName=BATT_VDD Pin=T3-3
Added Pin To Net: NetName=BATT_VDD Pin=T4-3
Added Pin To Net: NetName=BATT_VDD Pin=T5-3
Added Net: Name=BATT_VDD
Added Pin To Net: NetName=BATTERY_MONITOR_BATTERY_INPUT Pin=BATTERY_FUSE-P$1
Added Net: Name=BATTERY_MONITOR_BATTERY_INPUT
Added Pin To Net: NetName=CELL_VDD_READING0 Pin=R10-2
Added Pin To Net: NetName=CELL_VDD_READING0 Pin=R45-1
Added Net: Name=CELL_VDD_READING0
Added Pin To Net: NetName=CELL_VDD_READING1 Pin=R11-1
Added Pin To Net: NetName=CELL_VDD_READING1 Pin=R12-2
Added Net: Name=CELL_VDD_READING1
Added Pin To Net: NetName=CELL_VDD_READING2 Pin=R14-1
Added Pin To Net: NetName=CELL_VDD_READING2 Pin=R15-2
Added Net: Name=CELL_VDD_READING2
Added Pin To Net: NetName=CELL_VDD_READING3 Pin=R18-1
Added Pin To Net: NetName=CELL_VDD_READING3 Pin=R19-2
Added Net: Name=CELL_VDD_READING3
Added Pin To Net: NetName=CELL_VDD_READING4 Pin=R23-1
Added Pin To Net: NetName=CELL_VDD_READING4 Pin=R24-2
Added Net: Name=CELL_VDD_READING4
Added Pin To Net: NetName=CELL_VDD_READING5 Pin=R29-1
Added Pin To Net: NetName=CELL_VDD_READING5 Pin=R30-2
Added Net: Name=CELL_VDD_READING5
Added Pin To Net: NetName=FT232RL_GND Pin=C1-1
Added Pin To Net: NetName=FT232RL_GND Pin=C2-1
Added Pin To Net: NetName=FT232RL_GND Pin=C5--
Added Pin To Net: NetName=FT232RL_GND Pin=D4-2
Added Pin To Net: NetName=FT232RL_GND Pin=FT232RL-7
Added Pin To Net: NetName=FT232RL_GND Pin=FT232RL-18
Added Pin To Net: NetName=FT232RL_GND Pin=FT232RL-21
Added Pin To Net: NetName=FT232RL_GND Pin=FT232RL-25
Added Pin To Net: NetName=FT232RL_GND Pin=FT232RL-26
Added Pin To Net: NetName=FT232RL_GND Pin=Reset-1
Added Pin To Net: NetName=FT232RL_GND Pin=Reset-2
Added Net: Name=FT232RL_GND
Added Pin To Net: NetName=FT232RL_VCC_5V Pin=FT232RL-4
Added Pin To Net: NetName=FT232RL_VCC_5V Pin=R6-1
Added Pin To Net: NetName=FT232RL_VCC_5V Pin=R7-1
Added Pin To Net: NetName=FT232RL_VCC_5V Pin=R8-1
Added Pin To Net: NetName=FT232RL_VCC_5V Pin=R9-2
Added Net: Name=FT232RL_VCC_5V
Added Pin To Net: NetName=GND Pin=-5
Added Net: Name=GND
Added Pin To Net: NetName=KILL_GND Pin=R10-1
Added Pin To Net: NetName=KILL_GND Pin=R13-1
Added Pin To Net: NetName=KILL_GND Pin=R17-1
Added Pin To Net: NetName=KILL_GND Pin=R22-1
Added Pin To Net: NetName=KILL_GND Pin=R28-1
Added Pin To Net: NetName=KILL_GND Pin=R44-1
Added Pin To Net: NetName=KILL_GND Pin=T1-2
Added Net: Name=KILL_GND
Added Pin To Net: NetName=KILLSWITCH Pin=R2-1
Added Pin To Net: NetName=KILLSWITCH Pin=T1-3
Added Pin To Net: NetName=KILLSWITCH Pin=T2-1
Added Pin To Net: NetName=KILLSWITCH Pin=T3-1
Added Pin To Net: NetName=KILLSWITCH Pin=T4-1
Added Pin To Net: NetName=KILLSWITCH Pin=T5-1
Added Net: Name=KILLSWITCH
Added Pin To Net: NetName=MCU_IN_KILL Pin=R3-1
Added Pin To Net: NetName=MCU_IN_KILL Pin=T1-1
Added Net: Name=MCU_IN_KILL
Added Pin To Net: NetName=MCU_RESET Pin=C4-2
Added Pin To Net: NetName=MCU_RESET Pin=R9-1
Added Pin To Net: NetName=MCU_RESET Pin=Reset-3
Added Pin To Net: NetName=MCU_RESET Pin=Reset-4
Added Net: Name=MCU_RESET
Added Pin To Net: NetName=MOTOR_BL_POSTIVE Pin=T4-2
Added Net: Name=MOTOR_BL_POSTIVE
Added Pin To Net: NetName=MOTOR_BR_POSTIVE Pin=T5-2
Added Net: Name=MOTOR_BR_POSTIVE
Added Pin To Net: NetName=MOTOR_FL_POSTIVE Pin=T3-2
Added Net: Name=MOTOR_FL_POSTIVE
Added Pin To Net: NetName=MOTOR_FR_POSTIVE Pin=T2-2
Added Net: Name=MOTOR_FR_POSTIVE
Added Pin To Net: NetName=NetC1_2 Pin=C1-2
Added Pin To Net: NetName=NetC1_2 Pin=C2-2
Added Pin To Net: NetName=NetC1_2 Pin=C5-+
Added Pin To Net: NetName=NetC1_2 Pin=F1-2
Added Pin To Net: NetName=NetC1_2 Pin=FT232RL-20
Added Net: Name=NetC1_2
Added Pin To Net: NetName=NetC4_1 Pin=C4-1
Added Pin To Net: NetName=NetC4_1 Pin=FT232RL-2
Added Net: Name=NetC4_1
Added Pin To Net: NetName=NetD1_1 Pin=D1-1
Added Pin To Net: NetName=NetD1_1 Pin=R1-1
Added Pin To Net: NetName=NetD1_1 Pin=R2-2
Added Net: Name=NetD1_1
Added Pin To Net: NetName=NetD2_1 Pin=D2-1
Added Pin To Net: NetName=NetD2_1 Pin=R7-2
Added Net: Name=NetD2_1
Added Pin To Net: NetName=NetD2_2 Pin=D2-2
Added Pin To Net: NetName=NetD2_2 Pin=FT232RL-22
Added Net: Name=NetD2_2
Added Pin To Net: NetName=NetD3_1 Pin=D3-1
Added Pin To Net: NetName=NetD3_1 Pin=R8-2
Added Net: Name=NetD3_1
Added Pin To Net: NetName=NetD3_2 Pin=D3-2
Added Pin To Net: NetName=NetD3_2 Pin=FT232RL-23
Added Net: Name=NetD3_2
Added Pin To Net: NetName=NetD4_1 Pin=D4-1
Added Pin To Net: NetName=NetD4_1 Pin=R6-2
Added Net: Name=NetD4_1
Added Pin To Net: NetName=NetFT232RL_1 Pin=FT232RL-1
Added Pin To Net: NetName=NetFT232RL_1 Pin=R4-1
Added Net: Name=NetFT232RL_1
Added Pin To Net: NetName=NetFT232RL_5 Pin=FT232RL-5
Added Pin To Net: NetName=NetFT232RL_5 Pin=R5-1
Added Net: Name=NetFT232RL_5
Added Pin To Net: NetName=NetR12_1 Pin=R12-1
Added Pin To Net: NetName=NetR12_1 Pin=R13-2
Added Net: Name=NetR12_1
Added Pin To Net: NetName=NetR15_1 Pin=R15-1
Added Pin To Net: NetName=NetR15_1 Pin=R16-2
Added Net: Name=NetR15_1
Added Pin To Net: NetName=NetR16_1 Pin=R16-1
Added Pin To Net: NetName=NetR16_1 Pin=R17-2
Added Net: Name=NetR16_1
Added Pin To Net: NetName=NetR19_1 Pin=R19-1
Added Pin To Net: NetName=NetR19_1 Pin=R20-2
Added Net: Name=NetR19_1
Added Pin To Net: NetName=NetR20_1 Pin=R20-1
Added Pin To Net: NetName=NetR20_1 Pin=R21-2
Added Net: Name=NetR20_1
Added Pin To Net: NetName=NetR21_1 Pin=R21-1
Added Pin To Net: NetName=NetR21_1 Pin=R22-2
Added Net: Name=NetR21_1
Added Pin To Net: NetName=NetR24_1 Pin=R24-1
Added Pin To Net: NetName=NetR24_1 Pin=R25-2
Added Net: Name=NetR24_1
Added Pin To Net: NetName=NetR25_1 Pin=R25-1
Added Pin To Net: NetName=NetR25_1 Pin=R26-2
Added Net: Name=NetR25_1
Added Pin To Net: NetName=NetR26_1 Pin=R26-1
Added Pin To Net: NetName=NetR26_1 Pin=R27-2
Added Net: Name=NetR26_1
Added Pin To Net: NetName=NetR27_1 Pin=R27-1
Added Pin To Net: NetName=NetR27_1 Pin=R28-2
Added Net: Name=NetR27_1
Added Pin To Net: NetName=NetR30_1 Pin=R30-1
Added Pin To Net: NetName=NetR30_1 Pin=R40-2
Added Net: Name=NetR30_1
Added Pin To Net: NetName=NetR40_1 Pin=R40-1
Added Pin To Net: NetName=NetR40_1 Pin=R41-2
Added Net: Name=NetR40_1
Added Pin To Net: NetName=NetR41_1 Pin=R41-1
Added Pin To Net: NetName=NetR41_1 Pin=R42-2
Added Net: Name=NetR41_1
Added Pin To Net: NetName=NetR42_1 Pin=R42-1
Added Pin To Net: NetName=NetR42_1 Pin=R43-2
Added Net: Name=NetR42_1
Added Pin To Net: NetName=NetR43_1 Pin=R43-1
Added Pin To Net: NetName=NetR43_1 Pin=R44-2
Added Net: Name=NetR43_1
Added Pin To Net: NetName=RX Pin=R5-2
Added Net: Name=RX
Added Pin To Net: NetName=TX Pin=R4-2
Added Net: Name=TX
Added Pin To Net: NetName=USB_DN Pin=-2
Added Pin To Net: NetName=USB_DN Pin=FT232RL-16
Added Net: Name=USB_DN
Added Pin To Net: NetName=USB_DP Pin=-3
Added Pin To Net: NetName=USB_DP Pin=FT232RL-15
Added Net: Name=USB_DP
Added Pin To Net: NetName=USB_VIN Pin=-1
Added Pin To Net: NetName=USB_VIN Pin=F1-1
Added Net: Name=USB_VIN
Added Class: Name=BatteryCircuit
Added Class: Name=Kill Switch
Added Class: Name=Programmer
Added Room: Name=BatteryCircuit
Added Room: Name=Kill Switch
Added Room: Name=Programmer
