Added Component: Designator=C13(CAP 0805/2012)
Added Component: Designator=C14(CAP 0805/2012)
Added Component: Designator=C15(CAP 0805/2012)
Added Component: Designator=C16(CAP 0805/2012)
Added Component: Designator=C17(CAP 0805/2012)
Added Component: Designator=C18(CAP 0805/2012)
Added Component: Designator=C19(CAP AL TH D12.5 L5 H14)
Added Component: Designator=C20(CAP AL TH D12.5 L5 H14)
Added Component: Designator=C21(CAP AL TH D12.5 L5 H14)
Added Component: Designator=C22(CAP AL TH D12.5 L5 H14)
Added Pin To Net: NetName=FT232RL_GND Pin=C13-1
Added Pin To Net: NetName=FT232RL_GND Pin=C14-1
Added Pin To Net: NetName=FT232RL_GND Pin=C15-1
Added Pin To Net: NetName=FT232RL_GND Pin=C17-1
Added Pin To Net: NetName=NetC19_1 Pin=C19-1
Added Pin To Net: NetName=FT232RL_GND Pin=C19-2
Added Pin To Net: NetName=NetC19_1 Pin=C20-1
Added Pin To Net: NetName=FT232RL_GND Pin=C20-2
Added Pin To Net: NetName=NetC19_1 Pin=C21-1
Added Pin To Net: NetName=FT232RL_GND Pin=C21-2
Added Pin To Net: NetName=NetC19_1 Pin=C22-1
Added Pin To Net: NetName=FT232RL_GND Pin=C22-2
Added Pin To Net: NetName=NetC13_2 Pin=C13-2
Added Net: Name=NetC13_2
Added Pin To Net: NetName=NetC14_2 Pin=C14-2
Added Net: Name=NetC14_2
Added Pin To Net: NetName=NetC15_2 Pin=C15-2
Added Pin To Net: NetName=NetC15_2 Pin=C16-2
Added Net: Name=NetC15_2
Added Pin To Net: NetName=NetC16_1 Pin=C16-1
Added Net: Name=NetC16_1
Added Pin To Net: NetName=NetC17_2 Pin=C17-2
Added Net: Name=NetC17_2
Added Net: Name=NetD8_1
Added Net: Name=NetL1_1
Added Member To Class: ClassName=U_VoltageRegulator3 Member=Component C13 330pF
Added Member To Class: ClassName=U_VoltageRegulator3 Member=Component C14 330pF
Added Member To Class: ClassName=U_VoltageRegulator3 Member=Component C15 330pF
Added Member To Class: ClassName=U_VoltageRegulator3 Member=Component C16 330pF
Added Member To Class: ClassName=U_VoltageRegulator3 Member=Component C17 330pF
Added Member To Class: ClassName=U_VoltageRegulator3 Member=Component C18 330pF
Added Member To Class: ClassName=U_VoltageRegulator3 Member=Component C19 330uF
Added Member To Class: ClassName=U_VoltageRegulator3 Member=Component C20 330uF
Added Member To Class: ClassName=U_VoltageRegulator3 Member=Component C21 330uF
Added Member To Class: ClassName=U_VoltageRegulator3 Member=Component C22 330uF
