Added Pin To Net: NetName=5V Pin=ATmega2560-10
Added Pin To Net: NetName=FT232RL_GND Pin=ATmega2560-11
Added Pin To Net: NetName=5V Pin=ATmega2560-31
Added Pin To Net: NetName=FT232RL_GND Pin=ATmega2560-32
Added Pin To Net: NetName=5V Pin=ATmega2560-61
Added Pin To Net: NetName=FT232RL_GND Pin=ATmega2560-62
Added Pin To Net: NetName=5V Pin=ATmega2560-80
Added Pin To Net: NetName=FT232RL_GND Pin=ATmega2560-81
Added Pin To Net: NetName=5V Pin=ATmega2560-98
Added Pin To Net: NetName=FT232RL_GND Pin=ATmega2560-99
Added Pin To Net: NetName=BATT_VDD Pin=BATTERY_FUSE-P$2
Added Pin To Net: NetName=FT232RL_GND Pin=C6-2
Added Pin To Net: NetName=FT232RL_GND Pin=C7-2
Added Pin To Net: NetName=FT232RL_GND Pin=C8-2
Added Pin To Net: NetName=BATT_VDD Pin=C9-2
Added Pin To Net: NetName=BATT_VDD Pin=C10-2
Added Pin To Net: NetName=BATT_VDD Pin=C11-2
Added Pin To Net: NetName=FT232RL_GND Pin=CONN1-1
Added Pin To Net: NetName=5V Pin=CONN1-2
Added Pin To Net: NetName=5V Pin=D6-2
Added Pin To Net: NetName=FT232RL_GND Pin=D7-2
Added Pin To Net: NetName=5V Pin=FT232RL-4
Added Pin To Net: NetName=GND Pin=PWM_BL-1
Added Pin To Net: NetName=5V Pin=PWM_BL-2
Added Pin To Net: NetName=GND Pin=PWM_BR-1
Added Pin To Net: NetName=5V Pin=PWM_BR-2
Added Pin To Net: NetName=GND Pin=PWM_FL-1
Added Pin To Net: NetName=5V Pin=PWM_FL-2
Added Pin To Net: NetName=GND Pin=PWM_FR-1
Added Pin To Net: NetName=5V Pin=PWM_FR-2
Added Pin To Net: NetName=5V Pin=R3-2
Added Pin To Net: NetName=5V Pin=R6-1
Added Pin To Net: NetName=5V Pin=R7-1
Added Pin To Net: NetName=5V Pin=R8-1
Added Pin To Net: NetName=5V Pin=R9-2
Added Pin To Net: NetName=5V Pin=R47-2
Added Pin To Net: NetName=5V Pin=R48-2
