Removed Pin From Net: NetName=12V Pin=Battery-A3
Removed Pin From Net: NetName=12V Pin=Battery-A11
Removed Pin From Net: NetName=3.3V Pin=Battery-A16
Removed Pin From Net: NetName=12V Pin=Battery-A19
Removed Pin From Net: NetName=12V Pin=Battery-A31
Removed Pin From Net: NetName=3.3V Pin=Battery-A41
Removed Pin From Net: NetName=12V Pin=Battery-A44
Removed Pin From Net: NetName=12V Pin=Battery-B3
Removed Pin From Net: NetName=12V Pin=Battery-B11
Removed Pin From Net: NetName=3.3V Pin=Battery-B16
Removed Pin From Net: NetName=12V Pin=Battery-B19
Removed Pin From Net: NetName=12V Pin=Battery-B32
Removed Pin From Net: NetName=12V Pin=Flight-A3
Removed Pin From Net: NetName=12V Pin=Flight-A11
Removed Pin From Net: NetName=3.3V Pin=Flight-A16
Removed Pin From Net: NetName=12V Pin=Flight-A19
Removed Pin From Net: NetName=12V Pin=Flight-A31
Removed Pin From Net: NetName=3.3V Pin=Flight-A41
Removed Pin From Net: NetName=12V Pin=Flight-A44
Removed Pin From Net: NetName=12V Pin=Flight-B3
Removed Pin From Net: NetName=12V Pin=Flight-B11
Removed Pin From Net: NetName=3.3V Pin=Flight-B16
Removed Pin From Net: NetName=12V Pin=Flight-B19
Removed Pin From Net: NetName=12V Pin=Flight-B32
Removed Pin From Net: NetName=12V Pin=Jetson-A3
Removed Pin From Net: NetName=12V Pin=Jetson-A11
Removed Pin From Net: NetName=3.3V Pin=Jetson-A16
Removed Pin From Net: NetName=12V Pin=Jetson-A19
Removed Pin From Net: NetName=12V Pin=Jetson-A31
Removed Pin From Net: NetName=3.3V Pin=Jetson-A41
Removed Pin From Net: NetName=12V Pin=Jetson-A44
Removed Pin From Net: NetName=12V Pin=Jetson-B3
Removed Pin From Net: NetName=12V Pin=Jetson-B11
Removed Pin From Net: NetName=3.3V Pin=Jetson-B16
Removed Pin From Net: NetName=12V Pin=Jetson-B19
Removed Pin From Net: NetName=12V Pin=Jetson-B32
Added Pin To Net: NetName=FT232RL_GND Pin=ATmega2560-11
Added Pin To Net: NetName=FT232RL_GND Pin=ATmega2560-32
Added Pin To Net: NetName=FT232RL_GND Pin=ATmega2560-62
Added Pin To Net: NetName=FT232RL_GND Pin=ATmega2560-81
Added Pin To Net: NetName=FT232RL_GND Pin=ATmega2560-99
Added Pin To Net: NetName=FT232RL_GND Pin=C6-2
Added Pin To Net: NetName=FT232RL_GND Pin=C7-2
Added Pin To Net: NetName=FT232RL_GND Pin=C8-2
Added Pin To Net: NetName=FT232RL_GND Pin=CONN1-1
Added Pin To Net: NetName=FT232RL_GND Pin=D7-2
Change Net Name : Old Net Name=MCU_IN_KILL New Net Name=KILL
Added Pin To Net: NetName=NetATmega2560_15 Pin=ATmega2560-15
Added Net: Name=NetATmega2560_15
Added Member To Class: ClassName=Programmer Member=Component  Micro USB
