Removed Pin From Net: NetName=GND Pin=Battery-A1
Removed Pin From Net: NetName=SCL_1 Pin=Battery-A2
Removed Pin From Net: NetName=SCL_PWR Pin=Battery-A5
Removed Pin From Net: NetName=GND Pin=Battery-A6
Removed Pin From Net: NetName=MISO_1 Pin=Battery-A7
Removed Pin From Net: NetName=5V Pin=Battery-A8
Removed Pin From Net: NetName=SCL_2 Pin=Battery-A9
Removed Pin From Net: NetName=MISO_2 Pin=Battery-A10
Removed Pin From Net: NetName=MISO_3 Pin=Battery-A12
Removed Pin From Net: NetName=GND Pin=Battery-A13
Removed Pin From Net: NetName=LVDS_8L Pin=Battery-A14
Removed Pin From Net: NetName=LVDS_7L Pin=Battery-A15
Removed Pin From Net: NetName=SPI_CLK_3 Pin=Battery-A17
Removed Pin From Net: NetName=GND Pin=Battery-A18
Removed Pin From Net: NetName=MISO_4 Pin=Battery-A20
Removed Pin From Net: NetName=GND Pin=Battery-A21
Removed Pin From Net: NetName=SPI_CC_1 Pin=Battery-A22
Removed Pin From Net: NetName=GND Pin=Battery-A23
Removed Pin From Net: NetName=SCL_3 Pin=Battery-A24
Removed Pin From Net: NetName=LVDS_6L Pin=Battery-A25
Removed Pin From Net: NetName=RX_1 Pin=Battery-A26
Removed Pin From Net: NetName=LVDS_5L Pin=Battery-A27
Removed Pin From Net: NetName=SPI_CC_3 Pin=Battery-A28
Removed Pin From Net: NetName=GND Pin=Battery-A29
Removed Pin From Net: NetName=SPI_CC_5 Pin=Battery-A30
Removed Pin From Net: NetName=LVDS_4L Pin=Battery-A32
Removed Pin From Net: NetName=GND Pin=Battery-A33
Removed Pin From Net: NetName=RX_2 Pin=Battery-A34
Removed Pin From Net: NetName=SPI_CC_7 Pin=Battery-A35
Removed Pin From Net: NetName=SPI_CC_8 Pin=Battery-A36
Removed Pin From Net: NetName=GND Pin=Battery-A37
Removed Pin From Net: NetName=LVDS_3L Pin=Battery-A38
Removed Pin From Net: NetName=MOTOR_BL_PWM Pin=Battery-A39
Removed Pin From Net: NetName=GND Pin=Battery-A40
Removed Pin From Net: NetName=RX_4 Pin=Battery-A42
Removed Pin From Net: NetName=GND Pin=Battery-A43
Removed Pin From Net: NetName=LVDS_1L Pin=Battery-A45
Removed Pin From Net: NetName=LVDS_2L Pin=Battery-A46
Removed Pin From Net: NetName=5V Pin=Battery-A47
Removed Pin From Net: NetName=NETLABEL305 Pin=Battery-A48
Removed Pin From Net: NetName=NETLABEL304 Pin=Battery-A49
Removed Pin From Net: NetName=NETLABEL303 Pin=Battery-A50
Removed Pin From Net: NetName=NETLABEL302 Pin=Battery-A51
Removed Pin From Net: NetName=NETLABEL301 Pin=Battery-A52
Removed Pin From Net: NetName=NETLABEL300 Pin=Battery-A53
Removed Pin From Net: NetName=NETLABEL305 Pin=Battery-A54
Removed Pin From Net: NetName=NETLABEL304 Pin=Battery-A55
Removed Pin From Net: NetName=NETLABEL304 Pin=Battery-A56
Removed Pin From Net: NetName=NETLABEL303 Pin=Battery-A57
Removed Pin From Net: NetName=NETLABEL302 Pin=Battery-A58
Removed Pin From Net: NetName=NETLABEL301 Pin=Battery-A59
Removed Pin From Net: NetName=NETLABEL300 Pin=Battery-A60
Removed Pin From Net: NetName=NETLABEL299 Pin=Battery-A61
Removed Pin From Net: NetName=NETLABEL298 Pin=Battery-A62
Removed Pin From Net: NetName=NETLABEL297 Pin=Battery-A63
Removed Pin From Net: NetName=NETLABEL296 Pin=Battery-A64
Removed Pin From Net: NetName=NETLABEL295 Pin=Battery-A65
Removed Pin From Net: NetName=NETLABEL294 Pin=Battery-A66
Removed Pin From Net: NetName=NETLABEL293 Pin=Battery-A67
Removed Pin From Net: NetName=NETLABEL292 Pin=Battery-A68
Removed Pin From Net: NetName=NETLABEL291 Pin=Battery-A69
Removed Pin From Net: NetName=NETLABEL290 Pin=Battery-A70
Removed Pin From Net: NetName=NETLABEL316 Pin=Battery-A71
Removed Pin From Net: NetName=NETLABEL289 Pin=Battery-A72
Removed Pin From Net: NetName=NETLABEL288 Pin=Battery-A73
Removed Pin From Net: NetName=NETLABEL287 Pin=Battery-A74
Removed Pin From Net: NetName=NETLABEL286 Pin=Battery-A75
Removed Pin From Net: NetName=NETLABEL285 Pin=Battery-A76
Removed Pin From Net: NetName=NETLABEL284 Pin=Battery-A77
Removed Pin From Net: NetName=NETLABEL283 Pin=Battery-A78
Removed Pin From Net: NetName=NETLABEL282 Pin=Battery-A79
Removed Pin From Net: NetName=NETLABEL281 Pin=Battery-A80
Removed Pin From Net: NetName=NETLABEL280 Pin=Battery-A81
Removed Pin From Net: NetName=NETLABEL279 Pin=Battery-A82
Removed Pin From Net: NetName=GND Pin=Battery-B1
Removed Pin From Net: NetName=SCL_1 Pin=Battery-B2
Removed Pin From Net: NetName=SCL_PWR Pin=Battery-B5
Removed Pin From Net: NetName=GND Pin=Battery-B6
Removed Pin From Net: NetName=MISO_1 Pin=Battery-B7
Removed Pin From Net: NetName=5V Pin=Battery-B8
Removed Pin From Net: NetName=SCL_2 Pin=Battery-B9
Removed Pin From Net: NetName=MISO_2 Pin=Battery-B10
Removed Pin From Net: NetName=MISO_3 Pin=Battery-B12
Removed Pin From Net: NetName=GND Pin=Battery-B13
Removed Pin From Net: NetName=LVDS_8L Pin=Battery-B14
Removed Pin From Net: NetName=LVDS_7L Pin=Battery-B15
Removed Pin From Net: NetName=SPI_CLK_3 Pin=Battery-B17
Removed Pin From Net: NetName=GND Pin=Battery-B18
Removed Pin From Net: NetName=MISO_4 Pin=Battery-B20
Removed Pin From Net: NetName=GND Pin=Battery-B21
Removed Pin From Net: NetName=SPI_CC_1 Pin=Battery-B22
Removed Pin From Net: NetName=GND Pin=Battery-B23
Removed Pin From Net: NetName=SCL_3 Pin=Battery-B24
Removed Pin From Net: NetName=LVDS_6L Pin=Battery-B25
Removed Pin From Net: NetName=5V Pin=Battery-B26
Removed Pin From Net: NetName=RX_1 Pin=Battery-B27
Removed Pin From Net: NetName=LVDS_5L Pin=Battery-B28
Removed Pin From Net: NetName=SPI_CC_3 Pin=Battery-B29
Removed Pin From Net: NetName=GND Pin=Battery-B30
Removed Pin From Net: NetName=SPI_CC_5 Pin=Battery-B31
Removed Pin From Net: NetName=LVDS_4L Pin=Battery-B33
Removed Pin From Net: NetName=GND Pin=Battery-B34
Removed Pin From Net: NetName=RX_2 Pin=Battery-B35
Removed Pin From Net: NetName=SPI_CC_7 Pin=Battery-B36
Removed Pin From Net: NetName=SPI_CC_8 Pin=Battery-B37
Removed Pin From Net: NetName=GND Pin=Battery-B38
Removed Pin From Net: NetName=LVDS_3L Pin=Battery-B39
Removed Pin From Net: NetName=5V Pin=Battery-B40
Removed Pin From Net: NetName=MOTOR_FL_PWM Pin=Battery-B42
Removed Pin From Net: NetName=TX_4 Pin=Battery-B43
Removed Pin From Net: NetName=MOTOR_FR_PWM Pin=Battery-B44
Removed Pin From Net: NetName=GND Pin=Battery-B45
Removed Pin From Net: NetName=LVDS_1H Pin=Battery-B46
Removed Pin From Net: NetName=LVDS_2H Pin=Battery-B47
Removed Pin From Net: NetName=GND Pin=Battery-B48
Removed Pin From Net: NetName=NETLABEL293 Pin=Battery-B49
Removed Pin From Net: NetName=NETLABEL294 Pin=Battery-B50
Removed Pin From Net: NetName=NETLABEL295 Pin=Battery-B51
Removed Pin From Net: NetName=NETLABEL296 Pin=Battery-B52
Removed Pin From Net: NetName=NETLABEL297 Pin=Battery-B53
Removed Pin From Net: NetName=NETLABEL298 Pin=Battery-B54
Removed Pin From Net: NetName=NETLABEL299 Pin=Battery-B55
Removed Pin From Net: NetName=NETLABEL300 Pin=Battery-B56
Removed Pin From Net: NetName=NETLABEL301 Pin=Battery-B57
Removed Pin From Net: NetName=NETLABEL302 Pin=Battery-B58
Removed Pin From Net: NetName=NETLABEL303 Pin=Battery-B59
Removed Pin From Net: NetName=NETLABEL304 Pin=Battery-B60
Removed Pin From Net: NetName=NETLABEL305 Pin=Battery-B61
Removed Pin From Net: NetName=NETLABEL306 Pin=Battery-B62
Removed Pin From Net: NetName=NETLABEL308 Pin=Battery-B63
Removed Pin From Net: NetName=NETLABEL307 Pin=Battery-B64
Removed Pin From Net: NetName=NETLABEL309 Pin=Battery-B65
Removed Pin From Net: NetName=NETLABEL310 Pin=Battery-B66
Removed Pin From Net: NetName=NETLABEL311 Pin=Battery-B67
Removed Pin From Net: NetName=NETLABEL313 Pin=Battery-B68
Removed Pin From Net: NetName=NETLABEL314 Pin=Battery-B69
Removed Pin From Net: NetName=NETLABEL315 Pin=Battery-B70
Removed Pin From Net: NetName=NETLABEL316 Pin=Battery-B71
Removed Pin From Net: NetName=NETLABEL317 Pin=Battery-B72
Removed Pin From Net: NetName=NETLABEL318 Pin=Battery-B73
Removed Pin From Net: NetName=NETLABEL319 Pin=Battery-B74
Removed Pin From Net: NetName=NETLABEL320 Pin=Battery-B75
Removed Pin From Net: NetName=NETLABEL321 Pin=Battery-B76
Removed Pin From Net: NetName=NETLABEL322 Pin=Battery-B77
Removed Pin From Net: NetName=NETLABEL323 Pin=Battery-B78
Removed Pin From Net: NetName=NETLABEL324 Pin=Battery-B79
Removed Pin From Net: NetName=NETLABEL325 Pin=Battery-B80
Removed Pin From Net: NetName=NETLABEL326 Pin=Battery-B81
Removed Pin From Net: NetName=NETLABEL327 Pin=Battery-B82
Removed Pin From Net: NetName=BATT_VDD Pin=BATTERY_FUSE-P$2
Removed Pin From Net: NetName=FT232RL_GND Pin=C9-1
Removed Pin From Net: NetName=BATT_VDD Pin=C9-2
Removed Pin From Net: NetName=FT232RL_GND Pin=C10-1
Removed Pin From Net: NetName=BATT_VDD Pin=C10-2
Removed Pin From Net: NetName=FT232RL_GND Pin=C11-1
Removed Pin From Net: NetName=BATT_VDD Pin=C11-2
Removed Pin From Net: NetName=FT232RL_GND Pin=R10-1
Removed Pin From Net: NetName=FT232RL_GND Pin=R13-1
Removed Pin From Net: NetName=FT232RL_GND Pin=R17-1
Removed Pin From Net: NetName=FT232RL_GND Pin=R22-1
Removed Pin From Net: NetName=FT232RL_GND Pin=R28-1
Removed Pin From Net: NetName=FT232RL_GND Pin=R44-1
Removed Member From Class: ClassName=BackPlane Connector Member=Battery
Added Component: Designator=BL(HDR1X2)
Added Component: Designator=BR(HDR1X2)
Added Component: Designator=FL(HDR1X2)
Added Component: Designator=FR(HDR1X2)
Added Component: Designator=LEFT(HDR1X2)
Added Component: Designator=PWM_BL(HDR1X3)
Added Component: Designator=PWM_BR(HDR1X3)
Added Component: Designator=PWM_FL(HDR1X3)
Added Component: Designator=PWM_FR(HDR1X3)
Added Pin To Net: NetName=MOTOR_FR_POSTIVE Pin=BL-1
Added Pin To Net: NetName=FT232RL_GND Pin=BL-2
Added Pin To Net: NetName=MOTOR_FL_POSTIVE Pin=BR-1
Added Pin To Net: NetName=FT232RL_GND Pin=BR-2
Added Pin To Net: NetName=MOTOR_BR_POSTIVE Pin=FL-1
Added Pin To Net: NetName=FT232RL_GND Pin=FL-2
Added Pin To Net: NetName=12V Pin=Flight-A3
Added Pin To Net: NetName=12V Pin=Flight-A11
Added Pin To Net: NetName=3.3V Pin=Flight-A16
Added Pin To Net: NetName=12V Pin=Flight-A19
Added Pin To Net: NetName=12V Pin=Flight-A31
Added Pin To Net: NetName=3.3V Pin=Flight-A41
Added Pin To Net: NetName=12V Pin=Flight-A44
Added Pin To Net: NetName=12V Pin=Flight-B3
Added Pin To Net: NetName=12V Pin=Flight-B11
Added Pin To Net: NetName=3.3V Pin=Flight-B16
Added Pin To Net: NetName=12V Pin=Flight-B19
Added Pin To Net: NetName=12V Pin=Flight-B32
Added Pin To Net: NetName=MOTOR_BL_POSTIVE Pin=FR-1
Added Pin To Net: NetName=FT232RL_GND Pin=FR-2
Added Pin To Net: NetName=12V Pin=Jetson-A3
Added Pin To Net: NetName=12V Pin=Jetson-A11
Added Pin To Net: NetName=3.3V Pin=Jetson-A16
Added Pin To Net: NetName=12V Pin=Jetson-A19
Added Pin To Net: NetName=12V Pin=Jetson-A31
Added Pin To Net: NetName=3.3V Pin=Jetson-A41
Added Pin To Net: NetName=12V Pin=Jetson-A44
Added Pin To Net: NetName=12V Pin=Jetson-B3
Added Pin To Net: NetName=12V Pin=Jetson-B11
Added Pin To Net: NetName=3.3V Pin=Jetson-B16
Added Pin To Net: NetName=12V Pin=Jetson-B19
Added Pin To Net: NetName=12V Pin=Jetson-B32
Added Pin To Net: NetName=FT232RL_GND Pin=LEFT-1
Added Pin To Net: NetName=BATTERY_MONITOR_BATTERY_INPUT Pin=LEFT-2
Change Net Name : Old Net Name=KILL New Net Name=NetATmega2560_15
Added Pin To Net: NetName=BATT_GND Pin=R10-1
Added Pin To Net: NetName=BATT_GND Pin=R13-1
Added Pin To Net: NetName=BATT_GND Pin=R17-1
Added Pin To Net: NetName=BATT_GND Pin=R22-1
Added Pin To Net: NetName=BATT_GND Pin=R28-1
Added Pin To Net: NetName=BATT_GND Pin=R44-1
Added Net: Name=BATT_GND
Added Pin To Net: NetName=KILL Pin=Flight-A4
Added Pin To Net: NetName=KILL Pin=Flight-B4
Added Pin To Net: NetName=KILL Pin=Jetson-A4
Added Pin To Net: NetName=KILL Pin=Jetson-B4
Added Net: Name=KILL
Added Pin To Net: NetName=NetBATTERY_FUSE_P$2 Pin=BATTERY_FUSE-P$2
Added Net: Name=NetBATTERY_FUSE_P$2
Added Net: Name=NetC19_1
Added Net: Name=NetC23_1
Added Net: Name=NetC33_1
Added Net: Name=NetC38_1
Added Class: Name=Motor Controls
Added Member To Class: ClassName=BatteryCircuit Member=Component LEFT Header 2
Added Room: Name=Motor Controls
