Removed Pin From Net: NetName=GND Pin=-5
Removed Pin From Net: NetName=KILL_GND Pin=R10-1
Removed Pin From Net: NetName=KILL_GND Pin=R13-1
Removed Pin From Net: NetName=KILL_GND Pin=R17-1
Removed Pin From Net: NetName=KILL_GND Pin=R22-1
Removed Pin From Net: NetName=KILL_GND Pin=R28-1
Removed Pin From Net: NetName=KILL_GND Pin=R44-1
Removed Pin From Net: NetName=KILL_GND Pin=T1-2
Change Component Comment : Designator=FT232RL Old Comment=FT232RL USB UART  New Comment=FT232RL USB UART
Added Component: Designator=ATmega2560(100A_N)
Added Component: Designator=C6(CAP 0402/1005)
Added Component: Designator=C7(CAP 0402/1005)
Added Component: Designator=C8(CAP ALUM 6.6MM)
Added Component: Designator=CONN1(TE 282834-3)
Added Component: Designator=D6(DO214AC SMA)
Added Component: Designator=D7(LED 0603/1608)
Added Component: Designator=OS1(NDK NX5032GA)
Added Component: Designator=R46(RES 0402/1005)
Added Component: Designator=R47(RES 0402/1005)
Added Component: Designator=R48(RES 0402/1005)
Added Pin To Net: NetName=FT232RL_GND Pin=-5
Added Pin To Net: NetName=FT232RL_VCC_5V Pin=ATmega2560-10
Added Pin To Net: NetName=GND Pin=ATmega2560-11
Added Pin To Net: NetName=MCU_RESET Pin=ATmega2560-30
Added Pin To Net: NetName=FT232RL_VCC_5V Pin=ATmega2560-31
Added Pin To Net: NetName=GND Pin=ATmega2560-32
Added Pin To Net: NetName=FT232RL_VCC_5V Pin=ATmega2560-61
Added Pin To Net: NetName=GND Pin=ATmega2560-62
Added Pin To Net: NetName=FT232RL_VCC_5V Pin=ATmega2560-80
Added Pin To Net: NetName=GND Pin=ATmega2560-81
Added Pin To Net: NetName=FT232RL_VCC_5V Pin=ATmega2560-98
Added Pin To Net: NetName=GND Pin=ATmega2560-99
Added Pin To Net: NetName=GND Pin=C6-2
Added Pin To Net: NetName=GND Pin=C7-2
Added Pin To Net: NetName=GND Pin=C8-2
Added Pin To Net: NetName=GND Pin=CONN1-1
Added Pin To Net: NetName=FT232RL_VCC_5V Pin=CONN1-2
Added Pin To Net: NetName=MCU_RESET Pin=D6-1
Added Pin To Net: NetName=FT232RL_VCC_5V Pin=D6-2
Added Pin To Net: NetName=GND Pin=D7-2
Added Pin To Net: NetName=FT232RL_GND Pin=R10-1
Added Pin To Net: NetName=FT232RL_GND Pin=R13-1
Added Pin To Net: NetName=FT232RL_GND Pin=R17-1
Added Pin To Net: NetName=FT232RL_GND Pin=R22-1
Added Pin To Net: NetName=FT232RL_GND Pin=R28-1
Added Pin To Net: NetName=FT232RL_GND Pin=R44-1
Added Pin To Net: NetName=MCU_RESET Pin=R47-1
Added Pin To Net: NetName=FT232RL_VCC_5V Pin=R47-2
Added Pin To Net: NetName=FT232RL_VCC_5V Pin=R48-2
Added Pin To Net: NetName=FT232RL_GND Pin=T1-2
Change Net Name : Old Net Name=CELL_VDD_READING1 New Net Name=NetR11_1
Change Net Name : Old Net Name=CELL_VDD_READING2 New Net Name=NetR14_1
Change Net Name : Old Net Name=CELL_VDD_READING3 New Net Name=NetR18_1
Change Net Name : Old Net Name=CELL_VDD_READING4 New Net Name=NetR23_1
Change Net Name : Old Net Name=CELL_VDD_READING5 New Net Name=NetR29_1
Change Net Name : Old Net Name=KILL_GND New Net Name=NetT11_4
Change Net Name : Old Net Name=NetR12_1 New Net Name=CELL_VDD_READING1
Change Net Name : Old Net Name=NetR16_1 New Net Name=CELL_VDD_READING2
Change Net Name : Old Net Name=NetR21_1 New Net Name=CELL_VDD_READING3
Change Net Name : Old Net Name=NetR27_1 New Net Name=CELL_VDD_READING4
Change Net Name : Old Net Name=NetR43_1 New Net Name=CELL_VDD_READING5
Added Net: Name=0
Added Pin To Net: NetName=CELL0_VOLTAGE Pin=ATmega2560-97
Added Net: Name=CELL0_VOLTAGE
Added Pin To Net: NetName=CELL1_VOLTAGE Pin=ATmega2560-96
Added Net: Name=CELL1_VOLTAGE
Added Pin To Net: NetName=CELL2_VOLTAGE Pin=ATmega2560-95
Added Net: Name=CELL2_VOLTAGE
Added Pin To Net: NetName=CELL3_VOLTAGE Pin=ATmega2560-94
Added Net: Name=CELL3_VOLTAGE
Added Pin To Net: NetName=CELL4_VOLTAGE Pin=ATmega2560-93
Added Net: Name=CELL4_VOLTAGE
Added Pin To Net: NetName=CELL5_VOLTAGE Pin=ATmega2560-92
Added Net: Name=CELL5_VOLTAGE
Added Pin To Net: NetName=MCU_RX Pin=ATmega2560-2
Added Net: Name=MCU_RX
Added Pin To Net: NetName=MCU_TX Pin=ATmega2560-3
Added Net: Name=MCU_TX
Added Pin To Net: NetName=NetATmega2560_26 Pin=ATmega2560-26
Added Pin To Net: NetName=NetATmega2560_26 Pin=R46-2
Added Net: Name=NetATmega2560_26
Added Pin To Net: NetName=NetATmega2560_33 Pin=ATmega2560-33
Added Pin To Net: NetName=NetATmega2560_33 Pin=C7-1
Added Pin To Net: NetName=NetATmega2560_33 Pin=OS1-1
Added Net: Name=NetATmega2560_33
Added Pin To Net: NetName=NetATmega2560_34 Pin=ATmega2560-34
Added Pin To Net: NetName=NetATmega2560_34 Pin=C6-1
Added Pin To Net: NetName=NetATmega2560_34 Pin=OS1-2
Added Net: Name=NetATmega2560_34
Added Pin To Net: NetName=NetATmega2560_100 Pin=ATmega2560-100
Added Pin To Net: NetName=NetATmega2560_100 Pin=C8-1
Added Pin To Net: NetName=NetATmega2560_100 Pin=R48-1
Added Net: Name=NetATmega2560_100
Added Net: Name=NetC9_1
Added Net: Name=NetC12_1
Added Net: Name=NetC13_1
Added Net: Name=NetC14_1
Added Net: Name=NetC15_1
Added Net: Name=NetC16_2
Added Net: Name=NetC17_1
Added Net: Name=NetC18_1
Added Net: Name=NetC18_2
Added Net: Name=NetC19_1
Added Net: Name=NetC26_1
Added Net: Name=NetC27_1
Added Net: Name=NetC28_1
Added Net: Name=NetC29_1
Added Net: Name=NetC30_1
Added Net: Name=NetC31_2
Added Net: Name=NetC32_1
Added Net: Name=NetC32_2
Added Net: Name=NetC33_1
Added Net: Name=NetC38_1
Added Net: Name=NetC40_1
Added Net: Name=NetC41_1
Added Net: Name=NetC42_1
Added Net: Name=NetC43_1
Added Net: Name=NetC43_2
Added Net: Name=NetC44_2
Added Net: Name=NetC45_1
Added Net: Name=NetC45_2
Added Net: Name=NetC46_1
Added Net: Name=NetC51_1
Added Net: Name=NetC51_2
Added Pin To Net: NetName=NetD7_1 Pin=D7-1
Added Pin To Net: NetName=NetD7_1 Pin=R46-1
Added Net: Name=NetD7_1
Added Net: Name=NetL1_2
Added Net: Name=NetL2_2
Added Net: Name=NetR49_1
Added Net: Name=NetR52_1
Added Net: Name=NetR52_2
Added Net: Name=NetR53_1
Added Net: Name=NetR55_1
Added Net: Name=NetR55_2
Added Net: Name=NetR56_1
Added Net: Name=NetR56_2
Added Net: Name=NetR57_1
Added Net: Name=NetR59_2
Added Net: Name=NetR60_2
Added Net: Name=NetR65_1
Added Net: Name=NetR66_1
Added Net: Name=NetT10_1
Added Net: Name=NetT10_4
Added Net: Name=NetT10_5
Added Pin To Net: NetName=PWM_FAN_OUT Pin=ATmega2560-25
Added Pin To Net: NetName=PWM_FAN_OUT Pin=CONN1-3
Added Net: Name=PWM_FAN_OUT
Added Pin To Net: NetName=SCL Pin=ATmega2560-43
Added Net: Name=SCL
Added Pin To Net: NetName=SDA Pin=ATmega2560-44
Added Net: Name=SDA
Added Pin To Net: NetName=TEMP_SENSOR Pin=ATmega2560-91
Added Net: Name=TEMP_SENSOR
Added Class: Name=MCU-Atmega2560
Added Class: Name=U_VoltageRegulator3
Added Class: Name=U_VoltageRegulator5V
Added Class: Name=U_VoltageRegulator12V
Added Class: Name=CV[5..0]
Added Member To Class: ClassName=Programmer Member=Component  Micro USB
Added Room: Name=MCU-Atmega2560
Added Room: Name=U_VoltageRegulator3
Added Room: Name=U_VoltageRegulator5V
Added Room: Name=U_VoltageRegulator12V
