Change Component Parameter Comment in R10 Old= New==Value
Change Component Parameter Comment in R11 Old= New==Value
Change Component Parameter Comment in R12 Old= New==Value
Change Component Parameter Comment in R13 Old= New==Value
Change Component Parameter Comment in R14 Old= New==Value
Change Component Parameter Comment in R15 Old= New==Value
Change Component Parameter Comment in R16 Old= New==Value
Change Component Parameter Comment in R17 Old= New==Value
Change Component Parameter Comment in R18 Old= New==Value
Change Component Parameter Comment in R19 Old= New==Value
Change Component Parameter Comment in R20 Old= New==Value
Change Component Parameter Comment in R21 Old= New==Value
Change Component Parameter Comment in R22 Old= New==Value
Change Component Parameter Comment in R23 Old= New==Value
Change Component Parameter Comment in R24 Old= New==Value
Change Component Parameter Comment in R25 Old= New==Value
Change Component Parameter Comment in R26 Old= New==Value
Change Component Parameter Comment in R27 Old= New==Value
Change Component Parameter Comment in R28 Old= New==Value
Change Component Parameter Comment in R29 Old= New==Value
Change Component Parameter Comment in R30 Old= New==Value
Change Component Parameter Comment in R40 Old= New==Value
Change Component Parameter Comment in R41 Old= New==Value
Change Component Parameter Comment in R42 Old= New==Value
Change Component Parameter Comment in R43 Old= New==Value
Change Component Parameter Comment in R44 Old= New==Value
Change Component Parameter Comment in R45 Old= New==Value
Added Parameter ComponentLink3Description= to Part R10
Added Parameter ComponentLink3Description= to Part R11
Added Parameter ComponentLink3Description= to Part R12
Added Parameter ComponentLink3Description= to Part R13
Added Parameter ComponentLink3Description= to Part R14
Added Parameter ComponentLink3Description= to Part R15
Added Parameter ComponentLink3Description= to Part R16
Added Parameter ComponentLink3Description= to Part R17
Added Parameter ComponentLink3Description= to Part R18
Added Parameter ComponentLink3Description= to Part R19
Added Parameter ComponentLink3Description= to Part R20
Added Parameter ComponentLink3Description= to Part R21
Added Parameter ComponentLink3Description= to Part R22
Added Parameter ComponentLink3Description= to Part R23
Added Parameter ComponentLink3Description= to Part R24
Added Parameter ComponentLink3Description= to Part R25
Added Parameter ComponentLink3Description= to Part R26
Added Parameter ComponentLink3Description= to Part R27
Added Parameter ComponentLink3Description= to Part R28
Added Parameter ComponentLink3Description= to Part R29
Added Parameter ComponentLink3Description= to Part R30
Added Parameter ComponentLink3Description= to Part R40
Added Parameter ComponentLink3Description= to Part R41
Added Parameter ComponentLink3Description= to Part R42
Added Parameter ComponentLink3Description= to Part R43
Added Parameter ComponentLink3Description= to Part R44
Added Parameter ComponentLink3Description= to Part R45
Added Parameter ComponentLink3URL= to Part R10
Added Parameter ComponentLink3URL= to Part R11
Added Parameter ComponentLink3URL= to Part R12
Added Parameter ComponentLink3URL= to Part R13
Added Parameter ComponentLink3URL= to Part R14
Added Parameter ComponentLink3URL= to Part R15
Added Parameter ComponentLink3URL= to Part R16
Added Parameter ComponentLink3URL= to Part R17
Added Parameter ComponentLink3URL= to Part R18
Added Parameter ComponentLink3URL= to Part R19
Added Parameter ComponentLink3URL= to Part R20
Added Parameter ComponentLink3URL= to Part R21
Added Parameter ComponentLink3URL= to Part R22
Added Parameter ComponentLink3URL= to Part R23
Added Parameter ComponentLink3URL= to Part R24
Added Parameter ComponentLink3URL= to Part R25
Added Parameter ComponentLink3URL= to Part R26
Added Parameter ComponentLink3URL= to Part R27
Added Parameter ComponentLink3URL= to Part R28
Added Parameter ComponentLink3URL= to Part R29
Added Parameter ComponentLink3URL= to Part R30
Added Parameter ComponentLink3URL= to Part R40
Added Parameter ComponentLink3URL= to Part R41
Added Parameter ComponentLink3URL= to Part R42
Added Parameter ComponentLink3URL= to Part R43
Added Parameter ComponentLink3URL= to Part R44
Added Parameter ComponentLink3URL= to Part R45
Added Parameter Supplier 2= to Part R10
Added Parameter Supplier 2= to Part R11
Added Parameter Supplier 2= to Part R12
Added Parameter Supplier 2= to Part R13
Added Parameter Supplier 2= to Part R14
Added Parameter Supplier 2= to Part R15
Added Parameter Supplier 2= to Part R16
Added Parameter Supplier 2= to Part R17
Added Parameter Supplier 2= to Part R18
Added Parameter Supplier 2= to Part R19
Added Parameter Supplier 2= to Part R20
Added Parameter Supplier 2= to Part R21
Added Parameter Supplier 2= to Part R22
Added Parameter Supplier 2= to Part R23
Added Parameter Supplier 2= to Part R24
Added Parameter Supplier 2= to Part R25
Added Parameter Supplier 2= to Part R26
Added Parameter Supplier 2= to Part R27
Added Parameter Supplier 2= to Part R28
Added Parameter Supplier 2= to Part R29
Added Parameter Supplier 2= to Part R30
Added Parameter Supplier 2= to Part R40
Added Parameter Supplier 2= to Part R41
Added Parameter Supplier 2= to Part R42
Added Parameter Supplier 2= to Part R43
Added Parameter Supplier 2= to Part R44
Added Parameter Supplier 2= to Part R45
Added Parameter Supplier Part Number 2= to Part R10
Added Parameter Supplier Part Number 2= to Part R11
Added Parameter Supplier Part Number 2= to Part R12
Added Parameter Supplier Part Number 2= to Part R13
Added Parameter Supplier Part Number 2= to Part R14
Added Parameter Supplier Part Number 2= to Part R15
Added Parameter Supplier Part Number 2= to Part R16
Added Parameter Supplier Part Number 2= to Part R17
Added Parameter Supplier Part Number 2= to Part R18
Added Parameter Supplier Part Number 2= to Part R19
Added Parameter Supplier Part Number 2= to Part R20
Added Parameter Supplier Part Number 2= to Part R21
Added Parameter Supplier Part Number 2= to Part R22
Added Parameter Supplier Part Number 2= to Part R23
Added Parameter Supplier Part Number 2= to Part R24
Added Parameter Supplier Part Number 2= to Part R25
Added Parameter Supplier Part Number 2= to Part R26
Added Parameter Supplier Part Number 2= to Part R27
Added Parameter Supplier Part Number 2= to Part R28
Added Parameter Supplier Part Number 2= to Part R29
Added Parameter Supplier Part Number 2= to Part R30
Added Parameter Supplier Part Number 2= to Part R40
Added Parameter Supplier Part Number 2= to Part R41
Added Parameter Supplier Part Number 2= to Part R42
Added Parameter Supplier Part Number 2= to Part R43
Added Parameter Supplier Part Number 2= to Part R44
Added Parameter Supplier Part Number 2= to Part R45
