Change Component Parameter Comment in C1 Old= New==Value
Change Component Parameter Comment in C2 Old= New==Value
Change Component Parameter Comment in C4 Old= New==Value
Change Component Parameter Comment in D2 Old= New==Colour
Change Component Parameter Comment in D3 Old= New==Colour
Change Component Parameter Comment in D4 Old= New=="Part Number"
Change Component Parameter Comment in F1 Old= New=="Value"
Change Component Parameter Comment in R4 Old= New==Value
Change Component Parameter Comment in R5 Old= New==Value
Change Component Parameter Comment in R6 Old= New==Value
Change Component Parameter Comment in R7 Old= New==Value
Change Component Parameter Comment in R8 Old= New==Value
Change Component Parameter Comment in R9 Old= New==Value
Change Component Parameter Comment in Reset Old= New=="Part Number"
Replace Symbol from  USB 2.0 Type B Micro in C:\Users\Michael Fay\workspace\AIAA\uav\PCB\power\Power_PCB\FT232RL_Programmer.SchDoc with USB 2.0 Type B Micro from Celestial Library Database.DbLib
Replace Symbol from C1 Capacitor in C:\Users\Michael Fay\workspace\AIAA\uav\PCB\power\Power_PCB\FT232RL_Programmer.SchDoc with Capacitor from Celestial Library Database.DbLib
Replace Symbol from C2 Capacitor in C:\Users\Michael Fay\workspace\AIAA\uav\PCB\power\Power_PCB\FT232RL_Programmer.SchDoc with Capacitor from Celestial Library Database.DbLib
Replace Symbol from C4 Capacitor in C:\Users\Michael Fay\workspace\AIAA\uav\PCB\power\Power_PCB\FT232RL_Programmer.SchDoc with Capacitor from Celestial Library Database.DbLib
Replace Symbol from D2 LED in C:\Users\Michael Fay\workspace\AIAA\uav\PCB\power\Power_PCB\FT232RL_Programmer.SchDoc with LED from Celestial Library Database.DbLib
Replace Symbol from D3 LED in C:\Users\Michael Fay\workspace\AIAA\uav\PCB\power\Power_PCB\FT232RL_Programmer.SchDoc with LED from Celestial Library Database.DbLib
Replace Symbol from D4 Diode in C:\Users\Michael Fay\workspace\AIAA\uav\PCB\power\Power_PCB\FT232RL_Programmer.SchDoc with Diode from Celestial Library Database.DbLib
Replace Symbol from F1 Ferrite Chip in C:\Users\Michael Fay\workspace\AIAA\uav\PCB\power\Power_PCB\FT232RL_Programmer.SchDoc with Ferrite Chip from Celestial Library Database.DbLib
Replace Symbol from FT232RL FT232RL-BASICSSOP in C:\Users\Michael Fay\workspace\AIAA\uav\PCB\power\Power_PCB\FT232RL_Programmer.SchDoc with FT232RL-BASICSSOP from SparkFun-IC-Comms.IntLib
Replace Symbol from R4 Resistor in C:\Users\Michael Fay\workspace\AIAA\uav\PCB\power\Power_PCB\FT232RL_Programmer.SchDoc with Resistor from Celestial Library Database.DbLib
Replace Symbol from R5 Resistor in C:\Users\Michael Fay\workspace\AIAA\uav\PCB\power\Power_PCB\FT232RL_Programmer.SchDoc with Resistor from Celestial Library Database.DbLib
Replace Symbol from R6 Resistor in C:\Users\Michael Fay\workspace\AIAA\uav\PCB\power\Power_PCB\FT232RL_Programmer.SchDoc with Resistor from Celestial Library Database.DbLib
Replace Symbol from R7 Resistor in C:\Users\Michael Fay\workspace\AIAA\uav\PCB\power\Power_PCB\FT232RL_Programmer.SchDoc with Resistor from Celestial Library Database.DbLib
Replace Symbol from R8 Resistor in C:\Users\Michael Fay\workspace\AIAA\uav\PCB\power\Power_PCB\FT232RL_Programmer.SchDoc with Resistor from Celestial Library Database.DbLib
Replace Symbol from R9 Resistor in C:\Users\Michael Fay\workspace\AIAA\uav\PCB\power\Power_PCB\FT232RL_Programmer.SchDoc with Resistor from Celestial Library Database.DbLib
Replace Symbol from Reset SPST-NO 4 PIN in C:\Users\Michael Fay\workspace\AIAA\uav\PCB\power\Power_PCB\FT232RL_Programmer.SchDoc with SPST-NO 4 PIN from Celestial Library Database.DbLib
