Removed Parameter Bidirectional Channels: from Part D1
Removed Parameter Capacitance @ Frequency: from Part D1
Removed Parameter ComponentLink3Description: from Part D1
Removed Parameter ComponentLink3Description: from Part R1
Removed Parameter ComponentLink3Description: from Part R2
Removed Parameter ComponentLink3Description: from Part R3
Removed Parameter ComponentLink3URL: from Part D1
Removed Parameter ComponentLink3URL: from Part R1
Removed Parameter ComponentLink3URL: from Part R2
Removed Parameter ComponentLink3URL: from Part R3
Removed Parameter Supplier 2: from Part D1
Removed Parameter Supplier 2: from Part R1
Removed Parameter Supplier 2: from Part R2
Removed Parameter Supplier 2: from Part R3
Removed Parameter Supplier Part Number 2: from Part D1
Removed Parameter Supplier Part Number 2: from Part R1
Removed Parameter Supplier Part Number 2: from Part R2
Removed Parameter Supplier Part Number 2: from Part R3
Removed Parameter TemperatureCoefficient: from Part R1
Removed Parameter TemperatureCoefficient: from Part R2
Removed Parameter TemperatureCoefficient: from Part R3
Removed Parameter TemperatureRange: from Part R1
Removed Parameter TemperatureRange: from Part R2
Removed Parameter TemperatureRange: from Part R3
Removed Parameter Type: from Part R1
Removed Parameter Type: from Part R2
Removed Parameter Type: from Part R3
Change Component Parameter Comment in D1 Old= New=="Part Number"
Change Component Parameter Comment in R1 Old= New==Value
Change Component Parameter Comment in R2 Old= New==Value
Change Component Parameter Comment in R3 Old= New==Value
Replace Symbol from D1 Diode Zener in C:\Users\Michael Fay\workspace\AIAA\uav\PCB\power\Power_PCB\KillSwitch.SchDoc with Diode Zener from Celestial Library Database.DbLib
Replace Symbol from R1 Resistor in C:\Users\Michael Fay\workspace\AIAA\uav\PCB\power\Power_PCB\KillSwitch.SchDoc with Resistor from Celestial Library Database.DbLib
Replace Symbol from R2 Resistor in C:\Users\Michael Fay\workspace\AIAA\uav\PCB\power\Power_PCB\KillSwitch.SchDoc with Resistor from Celestial Library Database.DbLib
Replace Symbol from R3 Resistor in C:\Users\Michael Fay\workspace\AIAA\uav\PCB\power\Power_PCB\KillSwitch.SchDoc with Resistor from Celestial Library Database.DbLib
Replace Symbol from T1 BSS215P H6327 in C:\Users\Michael Fay\workspace\AIAA\uav\PCB\power\Power_PCB\KillSwitch.SchDoc with BSS215P H6327 from Infineon_Power_MOSFET.IntLib
Replace Symbol from T2 IPP120P04P4L-03 in C:\Users\Michael Fay\workspace\AIAA\uav\PCB\power\Power_PCB\KillSwitch.SchDoc with IPP120P04P4L-03 from Infineon_Power_MOSFET.IntLib
Replace Symbol from T3 IPP120P04P4L-03 in C:\Users\Michael Fay\workspace\AIAA\uav\PCB\power\Power_PCB\KillSwitch.SchDoc with IPP120P04P4L-03 from Infineon_Power_MOSFET.IntLib
Replace Symbol from T4 IPP120P04P4L-03 in C:\Users\Michael Fay\workspace\AIAA\uav\PCB\power\Power_PCB\KillSwitch.SchDoc with IPP120P04P4L-03 from Infineon_Power_MOSFET.IntLib
Replace Symbol from T5 IPP120P04P4L-03 in C:\Users\Michael Fay\workspace\AIAA\uav\PCB\power\Power_PCB\KillSwitch.SchDoc with IPP120P04P4L-03 from Infineon_Power_MOSFET.IntLib
