Removed Parameter ComponentLink3Description: from Part C9
Removed Parameter ComponentLink3Description: from Part C10
Removed Parameter ComponentLink3Description: from Part C11
Removed Parameter ComponentLink3Description: from Part C12
Removed Parameter ComponentLink3URL: from Part C9
Removed Parameter ComponentLink3URL: from Part C10
Removed Parameter ComponentLink3URL: from Part C11
Removed Parameter ComponentLink3URL: from Part C12
Removed Parameter Dielectric: from Part C9
Removed Parameter Dielectric: from Part C10
Removed Parameter Dielectric: from Part C11
Removed Parameter Dielectric: from Part C12
Removed Parameter Supplier 2: from Part C9
Removed Parameter Supplier 2: from Part C10
Removed Parameter Supplier 2: from Part C11
Removed Parameter Supplier 2: from Part C12
Removed Parameter Supplier Part Number 2: from Part C9
Removed Parameter Supplier Part Number 2: from Part C10
Removed Parameter Supplier Part Number 2: from Part C11
Removed Parameter Supplier Part Number 2: from Part C12
Removed Parameter Type: from Part C12
Change Component Parameter Comment in C9 Old= New==Value
Change Component Parameter Comment in C10 Old= New==Value
Change Component Parameter Comment in C11 Old= New==Value
Change Component Parameter Comment in C12 Old= New=="Value"
Replace Symbol from C9 Capacitor in C:\Users\Michael Fay\workspace\AIAA\uav\PCB\power\Power_PCB\TI\VoltageRegulator3.3.schdoc with Capacitor from Celestial Library Database.DbLib
Replace Symbol from C10 Capacitor in C:\Users\Michael Fay\workspace\AIAA\uav\PCB\power\Power_PCB\TI\VoltageRegulator3.3.schdoc with Capacitor from Celestial Library Database.DbLib
Replace Symbol from C11 Capacitor in C:\Users\Michael Fay\workspace\AIAA\uav\PCB\power\Power_PCB\TI\VoltageRegulator3.3.schdoc with Capacitor from Celestial Library Database.DbLib
Replace Symbol from C12 Capacitor in C:\Users\Michael Fay\workspace\AIAA\uav\PCB\power\Power_PCB\TI\VoltageRegulator3.3.schdoc with Capacitor from Celestial Library Database.DbLib
