Added Parameter ComponentLink1Description=Datasheet to Part C35
Added Parameter ComponentLink1Description=Datasheet to Part C36
Added Parameter ComponentLink1Description=Datasheet to Part C37
Added Parameter ComponentLink1Description=Datasheet to Part C38
Added Parameter ComponentLink1Description=Datasheet to Part C40
Added Parameter ComponentLink1Description=Datasheet to Part C41
Added Parameter ComponentLink1Description=Datasheet to Part C42
Added Parameter ComponentLink1Description=Datasheet to Part C43
Added Parameter ComponentLink1Description=Datasheet to Part C44
Added Parameter ComponentLink1Description=Datasheet to Part C45
Added Parameter ComponentLink1Description=Datasheet to Part C46
Added Parameter ComponentLink1URL=http://www.samsungsem.com/kr/support/product-search/mlcc/CL21C331JBANNNC.jsp to Part C35
Added Parameter ComponentLink1URL=http://www.samsungsem.com/kr/support/product-search/mlcc/CL21C331JBANNNC.jsp to Part C36
Added Parameter ComponentLink1URL=http://www.samsungsem.com/kr/support/product-search/mlcc/CL21C331JBANNNC.jsp to Part C37
Added Parameter ComponentLink1URL=http://www.samsungsem.com/kr/support/product-search/mlcc/CL21C331JBANNNC.jsp to Part C38
Added Parameter ComponentLink1URL=http://www.samsungsem.com/kr/support/product-search/mlcc/CL21C331JBANNNC.jsp to Part C40
Added Parameter ComponentLink1URL=http://www.samsungsem.com/kr/support/product-search/mlcc/CL21C331JBANNNC.jsp to Part C41
Added Parameter ComponentLink1URL=http://www.samsungsem.com/kr/support/product-search/mlcc/CL21C331JBANNNC.jsp to Part C42
Added Parameter ComponentLink1URL=http://www.samsungsem.com/kr/support/product-search/mlcc/CL21C331JBANNNC.jsp to Part C43
Added Parameter ComponentLink1URL=http://www.samsungsem.com/kr/support/product-search/mlcc/CL21C331JBANNNC.jsp to Part C44
Added Parameter ComponentLink1URL=http://www.samsungsem.com/kr/support/product-search/mlcc/CL21C331JBANNNC.jsp to Part C45
Added Parameter ComponentLink1URL=http://www.samsungsem.com/kr/support/product-search/mlcc/CL21C331JBANNNC.jsp to Part C46
Added Parameter ComponentLink2Description=Digi-Key Listing to Part C35
Added Parameter ComponentLink2Description=Digi-Key Listing to Part C36
Added Parameter ComponentLink2Description=Digi-Key Listing to Part C37
Added Parameter ComponentLink2Description=Digi-Key Listing to Part C38
Added Parameter ComponentLink2Description=Digi-Key Listing to Part C40
Added Parameter ComponentLink2Description=Digi-Key Listing to Part C41
Added Parameter ComponentLink2Description=Digi-Key Listing to Part C42
Added Parameter ComponentLink2Description=Digi-Key Listing to Part C43
Added Parameter ComponentLink2Description=Digi-Key Listing to Part C44
Added Parameter ComponentLink2Description=Digi-Key Listing to Part C45
Added Parameter ComponentLink2Description=Digi-Key Listing to Part C46
Added Parameter ComponentLink2URL=https://www.digikey.com/product-detail/en/samsung-electro-mechanics-america-inc/CL21C331JBANNNC/1276-1189-2-ND/3886847 to Part C35
Added Parameter ComponentLink2URL=https://www.digikey.com/product-detail/en/samsung-electro-mechanics-america-inc/CL21C331JBANNNC/1276-1189-2-ND/3886847 to Part C36
Added Parameter ComponentLink2URL=https://www.digikey.com/product-detail/en/samsung-electro-mechanics-america-inc/CL21C331JBANNNC/1276-1189-2-ND/3886847 to Part C37
Added Parameter ComponentLink2URL=https://www.digikey.com/product-detail/en/samsung-electro-mechanics-america-inc/CL21C331JBANNNC/1276-1189-2-ND/3886847 to Part C38
Added Parameter ComponentLink2URL=https://www.digikey.com/product-detail/en/samsung-electro-mechanics-america-inc/CL21C331JBANNNC/1276-1189-2-ND/3886847 to Part C40
Added Parameter ComponentLink2URL=https://www.digikey.com/product-detail/en/samsung-electro-mechanics-america-inc/CL21C331JBANNNC/1276-1189-2-ND/3886847 to Part C41
Added Parameter ComponentLink2URL=https://www.digikey.com/product-detail/en/samsung-electro-mechanics-america-inc/CL21C331JBANNNC/1276-1189-2-ND/3886847 to Part C42
Added Parameter ComponentLink2URL=https://www.digikey.com/product-detail/en/samsung-electro-mechanics-america-inc/CL21C331JBANNNC/1276-1189-2-ND/3886847 to Part C43
Added Parameter ComponentLink2URL=https://www.digikey.com/product-detail/en/samsung-electro-mechanics-america-inc/CL21C331JBANNNC/1276-1189-2-ND/3886847 to Part C44
Added Parameter ComponentLink2URL=https://www.digikey.com/product-detail/en/samsung-electro-mechanics-america-inc/CL21C331JBANNNC/1276-1189-2-ND/3886847 to Part C45
Added Parameter ComponentLink2URL=https://www.digikey.com/product-detail/en/samsung-electro-mechanics-america-inc/CL21C331JBANNNC/1276-1189-2-ND/3886847 to Part C46
Added Parameter Device Package=0805 (2012 Metric) to Part C35
Added Parameter Device Package=0805 (2012 Metric) to Part C36
Added Parameter Device Package=0805 (2012 Metric) to Part C37
Added Parameter Device Package=0805 (2012 Metric) to Part C38
Added Parameter Device Package=0805 (2012 Metric) to Part C40
Added Parameter Device Package=0805 (2012 Metric) to Part C41
Added Parameter Device Package=0805 (2012 Metric) to Part C42
Added Parameter Device Package=0805 (2012 Metric) to Part C43
Added Parameter Device Package=0805 (2012 Metric) to Part C44
Added Parameter Device Package=0805 (2012 Metric) to Part C45
Added Parameter Device Package=0805 (2012 Metric) to Part C46
Added Parameter Manufacturer=Samsung Electro-Mechanics America, Inc. to Part C35
Added Parameter Manufacturer=Samsung Electro-Mechanics America, Inc. to Part C36
Added Parameter Manufacturer=Samsung Electro-Mechanics America, Inc. to Part C37
Added Parameter Manufacturer=Samsung Electro-Mechanics America, Inc. to Part C38
Added Parameter Manufacturer=Samsung Electro-Mechanics America, Inc. to Part C40
Added Parameter Manufacturer=Samsung Electro-Mechanics America, Inc. to Part C41
Added Parameter Manufacturer=Samsung Electro-Mechanics America, Inc. to Part C42
Added Parameter Manufacturer=Samsung Electro-Mechanics America, Inc. to Part C43
Added Parameter Manufacturer=Samsung Electro-Mechanics America, Inc. to Part C44
Added Parameter Manufacturer=Samsung Electro-Mechanics America, Inc. to Part C45
Added Parameter Manufacturer=Samsung Electro-Mechanics America, Inc. to Part C46
Added Parameter PartId=14024 to Part C35
Added Parameter PartId=14024 to Part C36
Added Parameter PartId=14024 to Part C37
Added Parameter PartId=14024 to Part C38
Added Parameter PartId=14024 to Part C40
Added Parameter PartId=14024 to Part C41
Added Parameter PartId=14024 to Part C42
Added Parameter PartId=14024 to Part C43
Added Parameter PartId=14024 to Part C44
Added Parameter PartId=14024 to Part C45
Added Parameter PartId=14024 to Part C46
Added Parameter Part Number=CL21C331JBANNNC to Part C35
Added Parameter Part Number=CL21C331JBANNNC to Part C36
Added Parameter Part Number=CL21C331JBANNNC to Part C37
Added Parameter Part Number=CL21C331JBANNNC to Part C38
Added Parameter Part Number=CL21C331JBANNNC to Part C40
Added Parameter Part Number=CL21C331JBANNNC to Part C41
Added Parameter Part Number=CL21C331JBANNNC to Part C42
Added Parameter Part Number=CL21C331JBANNNC to Part C43
Added Parameter Part Number=CL21C331JBANNNC to Part C44
Added Parameter Part Number=CL21C331JBANNNC to Part C45
Added Parameter Part Number=CL21C331JBANNNC to Part C46
