Added Parameter ComponentLink1Description=Datasheet to Part C13
Added Parameter ComponentLink1Description=Datasheet to Part C14
Added Parameter ComponentLink1Description=Datasheet to Part C15
Added Parameter ComponentLink1Description=Datasheet to Part C16
Added Parameter ComponentLink1Description=Datasheet to Part C17
Added Parameter ComponentLink1Description=Datasheet to Part C18
Added Parameter ComponentLink1Description=Datasheet to Part C19
Added Parameter ComponentLink1Description=Datasheet to Part C20
Added Parameter ComponentLink1Description=Datasheet to Part C21
Added Parameter ComponentLink1Description=Datasheet to Part C22
Added Parameter ComponentLink1Description=Datasheet to Part C51
Added Parameter ComponentLink1URL=http://www.samsungsem.com/kr/support/product-search/mlcc/CL21C331JBANNNC.jsp to Part C13
Added Parameter ComponentLink1URL=http://www.samsungsem.com/kr/support/product-search/mlcc/CL21C331JBANNNC.jsp to Part C14
Added Parameter ComponentLink1URL=http://www.samsungsem.com/kr/support/product-search/mlcc/CL21C331JBANNNC.jsp to Part C15
Added Parameter ComponentLink1URL=http://www.samsungsem.com/kr/support/product-search/mlcc/CL21C331JBANNNC.jsp to Part C16
Added Parameter ComponentLink1URL=http://www.samsungsem.com/kr/support/product-search/mlcc/CL21C331JBANNNC.jsp to Part C17
Added Parameter ComponentLink1URL=http://www.samsungsem.com/kr/support/product-search/mlcc/CL21C331JBANNNC.jsp to Part C18
Added Parameter ComponentLink1URL=http://www.samsungsem.com/kr/support/product-search/mlcc/CL21C331JBANNNC.jsp to Part C19
Added Parameter ComponentLink1URL=http://www.samsungsem.com/kr/support/product-search/mlcc/CL21C331JBANNNC.jsp to Part C20
Added Parameter ComponentLink1URL=http://www.samsungsem.com/kr/support/product-search/mlcc/CL21C331JBANNNC.jsp to Part C21
Added Parameter ComponentLink1URL=http://www.samsungsem.com/kr/support/product-search/mlcc/CL21C331JBANNNC.jsp to Part C22
Added Parameter ComponentLink1URL=http://www.samsungsem.com/kr/support/product-search/mlcc/CL21C331JBANNNC.jsp to Part C51
Added Parameter ComponentLink2Description=Digi-Key Listing to Part C13
Added Parameter ComponentLink2Description=Digi-Key Listing to Part C14
Added Parameter ComponentLink2Description=Digi-Key Listing to Part C15
Added Parameter ComponentLink2Description=Digi-Key Listing to Part C16
Added Parameter ComponentLink2Description=Digi-Key Listing to Part C17
Added Parameter ComponentLink2Description=Digi-Key Listing to Part C18
Added Parameter ComponentLink2Description=Digi-Key Listing to Part C19
Added Parameter ComponentLink2Description=Digi-Key Listing to Part C20
Added Parameter ComponentLink2Description=Digi-Key Listing to Part C21
Added Parameter ComponentLink2Description=Digi-Key Listing to Part C22
Added Parameter ComponentLink2Description=Digi-Key Listing to Part C51
Added Parameter ComponentLink2URL=https://www.digikey.com/product-detail/en/samsung-electro-mechanics-america-inc/CL21C331JBANNNC/1276-1189-2-ND/3886847 to Part C13
Added Parameter ComponentLink2URL=https://www.digikey.com/product-detail/en/samsung-electro-mechanics-america-inc/CL21C331JBANNNC/1276-1189-2-ND/3886847 to Part C14
Added Parameter ComponentLink2URL=https://www.digikey.com/product-detail/en/samsung-electro-mechanics-america-inc/CL21C331JBANNNC/1276-1189-2-ND/3886847 to Part C15
Added Parameter ComponentLink2URL=https://www.digikey.com/product-detail/en/samsung-electro-mechanics-america-inc/CL21C331JBANNNC/1276-1189-2-ND/3886847 to Part C16
Added Parameter ComponentLink2URL=https://www.digikey.com/product-detail/en/samsung-electro-mechanics-america-inc/CL21C331JBANNNC/1276-1189-2-ND/3886847 to Part C17
Added Parameter ComponentLink2URL=https://www.digikey.com/product-detail/en/samsung-electro-mechanics-america-inc/CL21C331JBANNNC/1276-1189-2-ND/3886847 to Part C18
Added Parameter ComponentLink2URL=https://www.digikey.com/product-detail/en/samsung-electro-mechanics-america-inc/CL21C331JBANNNC/1276-1189-2-ND/3886847 to Part C19
Added Parameter ComponentLink2URL=https://www.digikey.com/product-detail/en/samsung-electro-mechanics-america-inc/CL21C331JBANNNC/1276-1189-2-ND/3886847 to Part C20
Added Parameter ComponentLink2URL=https://www.digikey.com/product-detail/en/samsung-electro-mechanics-america-inc/CL21C331JBANNNC/1276-1189-2-ND/3886847 to Part C21
Added Parameter ComponentLink2URL=https://www.digikey.com/product-detail/en/samsung-electro-mechanics-america-inc/CL21C331JBANNNC/1276-1189-2-ND/3886847 to Part C22
Added Parameter ComponentLink2URL=https://www.digikey.com/product-detail/en/samsung-electro-mechanics-america-inc/CL21C331JBANNNC/1276-1189-2-ND/3886847 to Part C51
Added Parameter Device Package=0805 (2012 Metric) to Part C13
Added Parameter Device Package=0805 (2012 Metric) to Part C14
Added Parameter Device Package=0805 (2012 Metric) to Part C15
Added Parameter Device Package=0805 (2012 Metric) to Part C16
Added Parameter Device Package=0805 (2012 Metric) to Part C17
Added Parameter Device Package=0805 (2012 Metric) to Part C18
Added Parameter Device Package=0805 (2012 Metric) to Part C19
Added Parameter Device Package=0805 (2012 Metric) to Part C20
Added Parameter Device Package=0805 (2012 Metric) to Part C21
Added Parameter Device Package=0805 (2012 Metric) to Part C22
Added Parameter Device Package=0805 (2012 Metric) to Part C51
Added Parameter Manufacturer=Samsung Electro-Mechanics America, Inc. to Part C13
Added Parameter Manufacturer=Samsung Electro-Mechanics America, Inc. to Part C14
Added Parameter Manufacturer=Samsung Electro-Mechanics America, Inc. to Part C15
Added Parameter Manufacturer=Samsung Electro-Mechanics America, Inc. to Part C16
Added Parameter Manufacturer=Samsung Electro-Mechanics America, Inc. to Part C17
Added Parameter Manufacturer=Samsung Electro-Mechanics America, Inc. to Part C18
Added Parameter Manufacturer=Samsung Electro-Mechanics America, Inc. to Part C19
Added Parameter Manufacturer=Samsung Electro-Mechanics America, Inc. to Part C20
Added Parameter Manufacturer=Samsung Electro-Mechanics America, Inc. to Part C21
Added Parameter Manufacturer=Samsung Electro-Mechanics America, Inc. to Part C22
Added Parameter Manufacturer=Samsung Electro-Mechanics America, Inc. to Part C51
Added Parameter PartId=14024 to Part C13
Added Parameter PartId=14024 to Part C14
Added Parameter PartId=14024 to Part C15
Added Parameter PartId=14024 to Part C16
Added Parameter PartId=14024 to Part C17
Added Parameter PartId=14024 to Part C18
Added Parameter PartId=14024 to Part C19
Added Parameter PartId=14024 to Part C20
Added Parameter PartId=14024 to Part C21
Added Parameter PartId=14024 to Part C22
Added Parameter PartId=14024 to Part C51
Added Parameter Part Number=CL21C331JBANNNC to Part C13
Added Parameter Part Number=CL21C331JBANNNC to Part C14
Added Parameter Part Number=CL21C331JBANNNC to Part C15
Added Parameter Part Number=CL21C331JBANNNC to Part C16
Added Parameter Part Number=CL21C331JBANNNC to Part C17
Added Parameter Part Number=CL21C331JBANNNC to Part C18
Added Parameter Part Number=CL21C331JBANNNC to Part C19
Added Parameter Part Number=CL21C331JBANNNC to Part C20
Added Parameter Part Number=CL21C331JBANNNC to Part C21
Added Parameter Part Number=CL21C331JBANNNC to Part C22
Added Parameter Part Number=CL21C331JBANNNC to Part C51
