Added Parameter ComponentLink1Description=Datasheet to Part C23
Added Parameter ComponentLink1Description=Datasheet to Part C24
Added Parameter ComponentLink1Description=Datasheet to Part C25
Added Parameter ComponentLink1Description=Datasheet to Part C26
Added Parameter ComponentLink1Description=Datasheet to Part C27
Added Parameter ComponentLink1Description=Datasheet to Part C28
Added Parameter ComponentLink1Description=Datasheet to Part C29
Added Parameter ComponentLink1Description=Datasheet to Part C30
Added Parameter ComponentLink1Description=Datasheet to Part C31
Added Parameter ComponentLink1Description=Datasheet to Part C32
Added Parameter ComponentLink1Description=Datasheet to Part C33
Added Parameter ComponentLink1Description=Datasheet to Part C34
Added Parameter ComponentLink1URL=http://www.samsungsem.com/kr/support/product-search/mlcc/CL21C331JBANNNC.jsp to Part C23
Added Parameter ComponentLink1URL=http://www.samsungsem.com/kr/support/product-search/mlcc/CL21C331JBANNNC.jsp to Part C24
Added Parameter ComponentLink1URL=http://www.samsungsem.com/kr/support/product-search/mlcc/CL21C331JBANNNC.jsp to Part C25
Added Parameter ComponentLink1URL=http://www.samsungsem.com/kr/support/product-search/mlcc/CL21C331JBANNNC.jsp to Part C26
Added Parameter ComponentLink1URL=http://www.samsungsem.com/kr/support/product-search/mlcc/CL21C331JBANNNC.jsp to Part C27
Added Parameter ComponentLink1URL=http://www.samsungsem.com/kr/support/product-search/mlcc/CL21C331JBANNNC.jsp to Part C28
Added Parameter ComponentLink1URL=http://www.samsungsem.com/kr/support/product-search/mlcc/CL21C331JBANNNC.jsp to Part C29
Added Parameter ComponentLink1URL=http://www.samsungsem.com/kr/support/product-search/mlcc/CL21C331JBANNNC.jsp to Part C30
Added Parameter ComponentLink1URL=http://www.samsungsem.com/kr/support/product-search/mlcc/CL21C331JBANNNC.jsp to Part C31
Added Parameter ComponentLink1URL=http://www.samsungsem.com/kr/support/product-search/mlcc/CL21C331JBANNNC.jsp to Part C32
Added Parameter ComponentLink1URL=http://www.samsungsem.com/kr/support/product-search/mlcc/CL21C331JBANNNC.jsp to Part C33
Added Parameter ComponentLink1URL=http://www.samsungsem.com/kr/support/product-search/mlcc/CL21C331JBANNNC.jsp to Part C34
Added Parameter ComponentLink2Description=Digi-Key Listing to Part C23
Added Parameter ComponentLink2Description=Digi-Key Listing to Part C24
Added Parameter ComponentLink2Description=Digi-Key Listing to Part C25
Added Parameter ComponentLink2Description=Digi-Key Listing to Part C26
Added Parameter ComponentLink2Description=Digi-Key Listing to Part C27
Added Parameter ComponentLink2Description=Digi-Key Listing to Part C28
Added Parameter ComponentLink2Description=Digi-Key Listing to Part C29
Added Parameter ComponentLink2Description=Digi-Key Listing to Part C30
Added Parameter ComponentLink2Description=Digi-Key Listing to Part C31
Added Parameter ComponentLink2Description=Digi-Key Listing to Part C32
Added Parameter ComponentLink2Description=Digi-Key Listing to Part C33
Added Parameter ComponentLink2Description=Digi-Key Listing to Part C34
Added Parameter ComponentLink2URL=https://www.digikey.com/product-detail/en/samsung-electro-mechanics-america-inc/CL21C331JBANNNC/1276-1189-2-ND/3886847 to Part C23
Added Parameter ComponentLink2URL=https://www.digikey.com/product-detail/en/samsung-electro-mechanics-america-inc/CL21C331JBANNNC/1276-1189-2-ND/3886847 to Part C24
Added Parameter ComponentLink2URL=https://www.digikey.com/product-detail/en/samsung-electro-mechanics-america-inc/CL21C331JBANNNC/1276-1189-2-ND/3886847 to Part C25
Added Parameter ComponentLink2URL=https://www.digikey.com/product-detail/en/samsung-electro-mechanics-america-inc/CL21C331JBANNNC/1276-1189-2-ND/3886847 to Part C26
Added Parameter ComponentLink2URL=https://www.digikey.com/product-detail/en/samsung-electro-mechanics-america-inc/CL21C331JBANNNC/1276-1189-2-ND/3886847 to Part C27
Added Parameter ComponentLink2URL=https://www.digikey.com/product-detail/en/samsung-electro-mechanics-america-inc/CL21C331JBANNNC/1276-1189-2-ND/3886847 to Part C28
Added Parameter ComponentLink2URL=https://www.digikey.com/product-detail/en/samsung-electro-mechanics-america-inc/CL21C331JBANNNC/1276-1189-2-ND/3886847 to Part C29
Added Parameter ComponentLink2URL=https://www.digikey.com/product-detail/en/samsung-electro-mechanics-america-inc/CL21C331JBANNNC/1276-1189-2-ND/3886847 to Part C30
Added Parameter ComponentLink2URL=https://www.digikey.com/product-detail/en/samsung-electro-mechanics-america-inc/CL21C331JBANNNC/1276-1189-2-ND/3886847 to Part C31
Added Parameter ComponentLink2URL=https://www.digikey.com/product-detail/en/samsung-electro-mechanics-america-inc/CL21C331JBANNNC/1276-1189-2-ND/3886847 to Part C32
Added Parameter ComponentLink2URL=https://www.digikey.com/product-detail/en/samsung-electro-mechanics-america-inc/CL21C331JBANNNC/1276-1189-2-ND/3886847 to Part C33
Added Parameter ComponentLink2URL=https://www.digikey.com/product-detail/en/samsung-electro-mechanics-america-inc/CL21C331JBANNNC/1276-1189-2-ND/3886847 to Part C34
Added Parameter Device Package=0805 (2012 Metric) to Part C23
Added Parameter Device Package=0805 (2012 Metric) to Part C24
Added Parameter Device Package=0805 (2012 Metric) to Part C25
Added Parameter Device Package=0805 (2012 Metric) to Part C26
Added Parameter Device Package=0805 (2012 Metric) to Part C27
Added Parameter Device Package=0805 (2012 Metric) to Part C28
Added Parameter Device Package=0805 (2012 Metric) to Part C29
Added Parameter Device Package=0805 (2012 Metric) to Part C30
Added Parameter Device Package=0805 (2012 Metric) to Part C31
Added Parameter Device Package=0805 (2012 Metric) to Part C32
Added Parameter Device Package=0805 (2012 Metric) to Part C33
Added Parameter Device Package=0805 (2012 Metric) to Part C34
Added Parameter Manufacturer=Samsung Electro-Mechanics America, Inc. to Part C23
Added Parameter Manufacturer=Samsung Electro-Mechanics America, Inc. to Part C24
Added Parameter Manufacturer=Samsung Electro-Mechanics America, Inc. to Part C25
Added Parameter Manufacturer=Samsung Electro-Mechanics America, Inc. to Part C26
Added Parameter Manufacturer=Samsung Electro-Mechanics America, Inc. to Part C27
Added Parameter Manufacturer=Samsung Electro-Mechanics America, Inc. to Part C28
Added Parameter Manufacturer=Samsung Electro-Mechanics America, Inc. to Part C29
Added Parameter Manufacturer=Samsung Electro-Mechanics America, Inc. to Part C30
Added Parameter Manufacturer=Samsung Electro-Mechanics America, Inc. to Part C31
Added Parameter Manufacturer=Samsung Electro-Mechanics America, Inc. to Part C32
Added Parameter Manufacturer=Samsung Electro-Mechanics America, Inc. to Part C33
Added Parameter Manufacturer=Samsung Electro-Mechanics America, Inc. to Part C34
Added Parameter PartId=14024 to Part C23
Added Parameter PartId=14024 to Part C24
Added Parameter PartId=14024 to Part C25
Added Parameter PartId=14024 to Part C26
Added Parameter PartId=14024 to Part C27
Added Parameter PartId=14024 to Part C28
Added Parameter PartId=14024 to Part C29
Added Parameter PartId=14024 to Part C30
Added Parameter PartId=14024 to Part C31
Added Parameter PartId=14024 to Part C32
Added Parameter PartId=14024 to Part C33
Added Parameter PartId=14024 to Part C34
Added Parameter Part Number=CL21C331JBANNNC to Part C23
Added Parameter Part Number=CL21C331JBANNNC to Part C24
Added Parameter Part Number=CL21C331JBANNNC to Part C25
Added Parameter Part Number=CL21C331JBANNNC to Part C26
Added Parameter Part Number=CL21C331JBANNNC to Part C27
Added Parameter Part Number=CL21C331JBANNNC to Part C28
Added Parameter Part Number=CL21C331JBANNNC to Part C29
Added Parameter Part Number=CL21C331JBANNNC to Part C30
Added Parameter Part Number=CL21C331JBANNNC to Part C31
Added Parameter Part Number=CL21C331JBANNNC to Part C32
Added Parameter Part Number=CL21C331JBANNNC to Part C33
Added Parameter Part Number=CL21C331JBANNNC to Part C34
